#
# There is insufficient memory for the Java Runtime Environment to continue.
# Native memory allocation (malloc) failed to allocate 32744 bytes for ChunkPool::allocate
# Possible reasons:
#   The system is out of physical RAM or swap space
#   The process is running with CompressedOops enabled, and the Java Heap may be blocking the growth of the native heap
# Possible solutions:
#   Reduce memory load on the system
#   Increase physical memory or swap space
#   Check if swap backing store is full
#   Decrease Java heap size (-Xmx/-Xms)
#   Decrease number of Java threads
#   Decrease Java thread stack sizes (-Xss)
#   Set larger code cache with -XX:ReservedCodeCacheSize=
#   JVM is running with Unscaled Compressed Oops mode in which the Java heap is
#     placed in the first 4GB address space. The Java Heap base address is the
#     maximum limit for the native heap growth. Please use -XX:HeapBaseMinAddress
#     to set the Java Heap base and to place the Java Heap above 4GB virtual address.
# This output file may be truncated or incomplete.
#
#  Out of Memory Error (t:/workspace/open/src/hotspot/share/memory/arena.cpp:82), pid=6912, tid=10696
#
# JRE version: Java(TM) SE Runtime Environment (10.0.2+13) (build 10.0.2+13)
# Java VM: Java HotSpot(TM) 64-Bit Server VM (10.0.2+13, mixed mode, tiered, compressed oops, g1 gc, windows-amd64)
# No core dump will be written. Minidumps are not enabled by default on client versions of Windows
#

---------------  S U M M A R Y ------------

Command Line: -agentlib:jdwp=transport=dt_socket,suspend=y,address=localhost:56977 -javaagent:C:\eclipse\configuration\org.eclipse.osgi\229\0\.cp\lib\javaagent-shaded.jar -Dfile.encoding=Cp1252 main.Main

Host: Intel(R) Core(TM) i5-8300H CPU @ 2.30GHz, 8 cores, 7G,  Windows 10 , 64 bit Build 18362 (10.0.18362.778)
Time: Sun May 31 19:16:53 2020 Central Europe Daylight Time elapsed time: 0 seconds (0d 0h 0m 0s)

---------------  T H R E A D  ---------------

Current thread (0x00000259278b7000):  JavaThread "C2 CompilerThread0" daemon [_thread_in_native, id=10696, stack(0x000000a837d00000,0x000000a837e00000)]


Current CompileTask:
C2:     68   19       4       java.lang.StringLatin1::hashCode (42 bytes)

Stack: [0x000000a837d00000,0x000000a837e00000]
Native frames: (J=compiled Java code, j=interpreted, Vv=VM code, C=native code)
V  [jvm.dll+0x5a01a9]
V  [jvm.dll+0x6bcf31]
V  [jvm.dll+0x6be126]
V  [jvm.dll+0x6be7b3]
V  [jvm.dll+0x234978]
V  [jvm.dll+0xbb8fb]
V  [jvm.dll+0xbb6ea]
V  [jvm.dll+0xbbbac]
V  [jvm.dll+0x4a8c22]
V  [jvm.dll+0x4a805f]
V  [jvm.dll+0x4a8859]
V  [jvm.dll+0x18ecac]
V  [jvm.dll+0x1fff9d]
V  [jvm.dll+0x1ff116]
V  [jvm.dll+0x17c94b]
V  [jvm.dll+0x20c8dd]
V  [jvm.dll+0x20b6a6]
V  [jvm.dll+0x68b7ff]
V  [jvm.dll+0x59f4b0]
C  [msvcr120.dll+0x24f7f]
C  [msvcr120.dll+0x25126]
C  [KERNEL32.DLL+0x17bd4]
C  [ntdll.dll+0x6ce51]


---------------  P R O C E S S  ---------------

Threads class SMR info:
_java_thread_list=0x000002592820ba70, length=10, elements={
0x00000259098a3000, 0x0000025927867800, 0x0000025927868000, 0x00000259278af000,
0x00000259278b0000, 0x00000259278b7000, 0x00000259278ba000, 0x00000259278bd000,
0x00000259278bd800, 0x0000025928229800
}

Java Threads: ( => current thread )
  0x00000259098a3000 JavaThread "main" [_thread_in_vm, id=16376, stack(0x000000a836300000,0x000000a836400000)]
  0x0000025927867800 JavaThread "Reference Handler" daemon [_thread_blocked, id=19144, stack(0x000000a837900000,0x000000a837a00000)]
  0x0000025927868000 JavaThread "Finalizer" daemon [_thread_blocked, id=7352, stack(0x000000a837a00000,0x000000a837b00000)]
  0x00000259278af000 JavaThread "Signal Dispatcher" daemon [_thread_blocked, id=2860, stack(0x000000a837b00000,0x000000a837c00000)]
  0x00000259278b0000 JavaThread "Attach Listener" daemon [_thread_blocked, id=20212, stack(0x000000a837c00000,0x000000a837d00000)]
=>0x00000259278b7000 JavaThread "C2 CompilerThread0" daemon [_thread_in_native, id=10696, stack(0x000000a837d00000,0x000000a837e00000)]
  0x00000259278ba000 JavaThread "C2 CompilerThread1" daemon [_thread_in_native, id=19360, stack(0x000000a837e00000,0x000000a837f00000)]
  0x00000259278bd000 JavaThread "C2 CompilerThread2" daemon [_thread_in_native, id=3240, stack(0x000000a837f00000,0x000000a838000000)]
  0x00000259278bd800 JavaThread "C1 CompilerThread3" daemon [_thread_blocked, id=13580, stack(0x000000a838000000,0x000000a838100000)]
  0x0000025928229800 JavaThread "Sweeper thread" daemon [_thread_blocked, id=14188, stack(0x000000a838100000,0x000000a838200000)]

Other Threads:
  0x0000025927862800 VMThread "VM Thread" [stack: 0x000000a837800000,0x000000a837900000] [id=18276]
  0x00000259098bd000 GCTaskThread "GC Thread#0" [stack: 0x000000a836400000,0x000000a836500000] [id=784]
  0x00000259098be800 GCTaskThread "GC Thread#1" [stack: 0x000000a836500000,0x000000a836600000] [id=14628]
  0x00000259098c0800 GCTaskThread "GC Thread#2" [stack: 0x000000a836600000,0x000000a836700000] [id=6480]
  0x00000259098c2000 GCTaskThread "GC Thread#3" [stack: 0x000000a836700000,0x000000a836800000] [id=12956]
  0x00000259098c5800 GCTaskThread "GC Thread#4" [stack: 0x000000a836800000,0x000000a836900000] [id=16024]
  0x00000259098c6800 GCTaskThread "GC Thread#5" [stack: 0x000000a836900000,0x000000a836a00000] [id=18908]
  0x00000259098c8000 GCTaskThread "GC Thread#6" [stack: 0x000000a836a00000,0x000000a836b00000] [id=6836]
  0x00000259098c9000 GCTaskThread "GC Thread#7" [stack: 0x000000a836b00000,0x000000a836c00000] [id=20392]
  0x000002590993b000 ConcurrentGCThread "G1 Main Marker" [stack: 0x000000a836c00000,0x000000a836d00000] [id=18760]
  0x000002590993f800 ConcurrentGCThread "G1 Conc#0" [stack: 0x000000a836d00000,0x000000a836e00000] [id=14700]
  0x0000025909942800 ConcurrentGCThread "G1 Conc#1" [stack: 0x000000a836e00000,0x000000a836f00000] [id=17836]
  0x000002592770c800 ConcurrentGCThread "G1 Refine#0" [stack: 0x000000a836f00000,0x000000a837000000] [id=2660]
  0x000002592770d000 ConcurrentGCThread "G1 Refine#1" [stack: 0x000000a837000000,0x000000a837100000] [id=19008]
  0x0000025927719000 ConcurrentGCThread "G1 Refine#2" [stack: 0x000000a837100000,0x000000a837200000] [id=9032]
  0x000002592771c800 ConcurrentGCThread "G1 Refine#3" [stack: 0x000000a837200000,0x000000a837300000] [id=20232]
  0x000002592771f800 ConcurrentGCThread "G1 Refine#4" [stack: 0x000000a837300000,0x000000a837400000] [id=18860]
  0x0000025927721800 ConcurrentGCThread "G1 Refine#5" [stack: 0x000000a837400000,0x000000a837500000] [id=16552]
  0x0000025927724000 ConcurrentGCThread "G1 Refine#6" [stack: 0x000000a837500000,0x000000a837600000] [id=20248]
  0x0000025927725000 ConcurrentGCThread "G1 Refine#7" [stack: 0x000000a837600000,0x000000a837700000] [id=16316]
  0x0000025927727800 ConcurrentGCThread "G1 Young RemSet Sampling" [stack: 0x000000a837700000,0x000000a837800000] [id=17444]

Threads with active compile tasks:
C2 CompilerThread0  19       4       java.lang.StringLatin1::hashCode (42 bytes)
C2 CompilerThread1  96       4       java.util.HashMap::putVal (300 bytes)
C2 CompilerThread2  59       4       java.lang.String::hashCode (49 bytes)

VM state:not at safepoint (normal execution)

VM Mutex/Monitor currently owned by a thread: None

Heap address: 0x0000000082600000, size: 2010 MB, Compressed Oops mode: 32-bit
Narrow klass base: 0x0000000000000000, Narrow klass shift: 3
Compressed class space size: 1073741824 Address: 0x0000000100000000

Heap:
 garbage-first heap   total 129024K, used 1024K [0x0000000082600000, 0x0000000100000000)
  region size 1024K, 2 young (2048K), 0 survivors (0K)
 Metaspace       used 2873K, capacity 4480K, committed 4480K, reserved 1056768K
  class space    used 265K, capacity 384K, committed 384K, reserved 1048576K
Heap Regions: E=young(eden), S=young(survivor), O=old, HS=humongous(starts), HC=humongous(continues), CS=collection set, F=free, A=archive, TS=gc time stamp, AC=allocation context, TAMS=top-at-mark-start (previous, next)
|   0|0x0000000082600000, 0x0000000082600000, 0x0000000082700000|  0%| F|  |TS  0|AC  0|TAMS 0x0000000082600000, 0x0000000082600000|
|   1|0x0000000082700000, 0x0000000082700000, 0x0000000082800000|  0%| F|  |TS  0|AC  0|TAMS 0x0000000082700000, 0x0000000082700000|
|   2|0x0000000082800000, 0x0000000082800000, 0x0000000082900000|  0%| F|  |TS  0|AC  0|TAMS 0x0000000082800000, 0x0000000082800000|
|   3|0x0000000082900000, 0x0000000082900000, 0x0000000082a00000|  0%| F|  |TS  0|AC  0|TAMS 0x0000000082900000, 0x0000000082900000|
|   4|0x0000000082a00000, 0x0000000082a00000, 0x0000000082b00000|  0%| F|  |TS  0|AC  0|TAMS 0x0000000082a00000, 0x0000000082a00000|
|   5|0x0000000082b00000, 0x0000000082b00000, 0x0000000082c00000|  0%| F|  |TS  0|AC  0|TAMS 0x0000000082b00000, 0x0000000082b00000|
|   6|0x0000000082c00000, 0x0000000082c00000, 0x0000000082d00000|  0%| F|  |TS  0|AC  0|TAMS 0x0000000082c00000, 0x0000000082c00000|
|   7|0x0000000082d00000, 0x0000000082d00000, 0x0000000082e00000|  0%| F|  |TS  0|AC  0|TAMS 0x0000000082d00000, 0x0000000082d00000|
|   8|0x0000000082e00000, 0x0000000082e00000, 0x0000000082f00000|  0%| F|  |TS  0|AC  0|TAMS 0x0000000082e00000, 0x0000000082e00000|
|   9|0x0000000082f00000, 0x0000000082f00000, 0x0000000083000000|  0%| F|  |TS  0|AC  0|TAMS 0x0000000082f00000, 0x0000000082f00000|
|  10|0x0000000083000000, 0x0000000083000000, 0x0000000083100000|  0%| F|  |TS  0|AC  0|TAMS 0x0000000083000000, 0x0000000083000000|
|  11|0x0000000083100000, 0x0000000083100000, 0x0000000083200000|  0%| F|  |TS  0|AC  0|TAMS 0x0000000083100000, 0x0000000083100000|
|  12|0x0000000083200000, 0x0000000083200000, 0x0000000083300000|  0%| F|  |TS  0|AC  0|TAMS 0x0000000083200000, 0x0000000083200000|
|  13|0x0000000083300000, 0x0000000083300000, 0x0000000083400000|  0%| F|  |TS  0|AC  0|TAMS 0x0000000083300000, 0x0000000083300000|
|  14|0x0000000083400000, 0x0000000083400000, 0x0000000083500000|  0%| F|  |TS  0|AC  0|TAMS 0x0000000083400000, 0x0000000083400000|
|  15|0x0000000083500000, 0x0000000083500000, 0x0000000083600000|  0%| F|  |TS  0|AC  0|TAMS 0x0000000083500000, 0x0000000083500000|
|  16|0x0000000083600000, 0x0000000083600000, 0x0000000083700000|  0%| F|  |TS  0|AC  0|TAMS 0x0000000083600000, 0x0000000083600000|
|  17|0x0000000083700000, 0x0000000083700000, 0x0000000083800000|  0%| F|  |TS  0|AC  0|TAMS 0x0000000083700000, 0x0000000083700000|
|  18|0x0000000083800000, 0x0000000083800000, 0x0000000083900000|  0%| F|  |TS  0|AC  0|TAMS 0x0000000083800000, 0x0000000083800000|
|  19|0x0000000083900000, 0x0000000083900000, 0x0000000083a00000|  0%| F|  |TS  0|AC  0|TAMS 0x0000000083900000, 0x0000000083900000|
|  20|0x0000000083a00000, 0x0000000083a00000, 0x0000000083b00000|  0%| F|  |TS  0|AC  0|TAMS 0x0000000083a00000, 0x0000000083a00000|
|  21|0x0000000083b00000, 0x0000000083b00000, 0x0000000083c00000|  0%| F|  |TS  0|AC  0|TAMS 0x0000000083b00000, 0x0000000083b00000|
|  22|0x0000000083c00000, 0x0000000083c00000, 0x0000000083d00000|  0%| F|  |TS  0|AC  0|TAMS 0x0000000083c00000, 0x0000000083c00000|
|  23|0x0000000083d00000, 0x0000000083d00000, 0x0000000083e00000|  0%| F|  |TS  0|AC  0|TAMS 0x0000000083d00000, 0x0000000083d00000|
|  24|0x0000000083e00000, 0x0000000083e00000, 0x0000000083f00000|  0%| F|  |TS  0|AC  0|TAMS 0x0000000083e00000, 0x0000000083e00000|
|  25|0x0000000083f00000, 0x0000000083f00000, 0x0000000084000000|  0%| F|  |TS  0|AC  0|TAMS 0x0000000083f00000, 0x0000000083f00000|
|  26|0x0000000084000000, 0x0000000084000000, 0x0000000084100000|  0%| F|  |TS  0|AC  0|TAMS 0x0000000084000000, 0x0000000084000000|
|  27|0x0000000084100000, 0x0000000084100000, 0x0000000084200000|  0%| F|  |TS  0|AC  0|TAMS 0x0000000084100000, 0x0000000084100000|
|  28|0x0000000084200000, 0x0000000084200000, 0x0000000084300000|  0%| F|  |TS  0|AC  0|TAMS 0x0000000084200000, 0x0000000084200000|
|  29|0x0000000084300000, 0x0000000084300000, 0x0000000084400000|  0%| F|  |TS  0|AC  0|TAMS 0x0000000084300000, 0x0000000084300000|
|  30|0x0000000084400000, 0x0000000084400000, 0x0000000084500000|  0%| F|  |TS  0|AC  0|TAMS 0x0000000084400000, 0x0000000084400000|
|  31|0x0000000084500000, 0x0000000084500000, 0x0000000084600000|  0%| F|  |TS  0|AC  0|TAMS 0x0000000084500000, 0x0000000084500000|
|  32|0x0000000084600000, 0x0000000084600000, 0x0000000084700000|  0%| F|  |TS  0|AC  0|TAMS 0x0000000084600000, 0x0000000084600000|
|  33|0x0000000084700000, 0x0000000084700000, 0x0000000084800000|  0%| F|  |TS  0|AC  0|TAMS 0x0000000084700000, 0x0000000084700000|
|  34|0x0000000084800000, 0x0000000084800000, 0x0000000084900000|  0%| F|  |TS  0|AC  0|TAMS 0x0000000084800000, 0x0000000084800000|
|  35|0x0000000084900000, 0x0000000084900000, 0x0000000084a00000|  0%| F|  |TS  0|AC  0|TAMS 0x0000000084900000, 0x0000000084900000|
|  36|0x0000000084a00000, 0x0000000084a00000, 0x0000000084b00000|  0%| F|  |TS  0|AC  0|TAMS 0x0000000084a00000, 0x0000000084a00000|
|  37|0x0000000084b00000, 0x0000000084b00000, 0x0000000084c00000|  0%| F|  |TS  0|AC  0|TAMS 0x0000000084b00000, 0x0000000084b00000|
|  38|0x0000000084c00000, 0x0000000084c00000, 0x0000000084d00000|  0%| F|  |TS  0|AC  0|TAMS 0x0000000084c00000, 0x0000000084c00000|
|  39|0x0000000084d00000, 0x0000000084d00000, 0x0000000084e00000|  0%| F|  |TS  0|AC  0|TAMS 0x0000000084d00000, 0x0000000084d00000|
|  40|0x0000000084e00000, 0x0000000084e00000, 0x0000000084f00000|  0%| F|  |TS  0|AC  0|TAMS 0x0000000084e00000, 0x0000000084e00000|
|  41|0x0000000084f00000, 0x0000000084f00000, 0x0000000085000000|  0%| F|  |TS  0|AC  0|TAMS 0x0000000084f00000, 0x0000000084f00000|
|  42|0x0000000085000000, 0x0000000085000000, 0x0000000085100000|  0%| F|  |TS  0|AC  0|TAMS 0x0000000085000000, 0x0000000085000000|
|  43|0x0000000085100000, 0x0000000085100000, 0x0000000085200000|  0%| F|  |TS  0|AC  0|TAMS 0x0000000085100000, 0x0000000085100000|
|  44|0x0000000085200000, 0x0000000085200000, 0x0000000085300000|  0%| F|  |TS  0|AC  0|TAMS 0x0000000085200000, 0x0000000085200000|
|  45|0x0000000085300000, 0x0000000085300000, 0x0000000085400000|  0%| F|  |TS  0|AC  0|TAMS 0x0000000085300000, 0x0000000085300000|
|  46|0x0000000085400000, 0x0000000085400000, 0x0000000085500000|  0%| F|  |TS  0|AC  0|TAMS 0x0000000085400000, 0x0000000085400000|
|  47|0x0000000085500000, 0x0000000085500000, 0x0000000085600000|  0%| F|  |TS  0|AC  0|TAMS 0x0000000085500000, 0x0000000085500000|
|  48|0x0000000085600000, 0x0000000085600000, 0x0000000085700000|  0%| F|  |TS  0|AC  0|TAMS 0x0000000085600000, 0x0000000085600000|
|  49|0x0000000085700000, 0x0000000085700000, 0x0000000085800000|  0%| F|  |TS  0|AC  0|TAMS 0x0000000085700000, 0x0000000085700000|
|  50|0x0000000085800000, 0x0000000085800000, 0x0000000085900000|  0%| F|  |TS  0|AC  0|TAMS 0x0000000085800000, 0x0000000085800000|
|  51|0x0000000085900000, 0x0000000085900000, 0x0000000085a00000|  0%| F|  |TS  0|AC  0|TAMS 0x0000000085900000, 0x0000000085900000|
|  52|0x0000000085a00000, 0x0000000085a00000, 0x0000000085b00000|  0%| F|  |TS  0|AC  0|TAMS 0x0000000085a00000, 0x0000000085a00000|
|  53|0x0000000085b00000, 0x0000000085b00000, 0x0000000085c00000|  0%| F|  |TS  0|AC  0|TAMS 0x0000000085b00000, 0x0000000085b00000|
|  54|0x0000000085c00000, 0x0000000085c00000, 0x0000000085d00000|  0%| F|  |TS  0|AC  0|TAMS 0x0000000085c00000, 0x0000000085c00000|
|  55|0x0000000085d00000, 0x0000000085d00000, 0x0000000085e00000|  0%| F|  |TS  0|AC  0|TAMS 0x0000000085d00000, 0x0000000085d00000|
|  56|0x0000000085e00000, 0x0000000085e00000, 0x0000000085f00000|  0%| F|  |TS  0|AC  0|TAMS 0x0000000085e00000, 0x0000000085e00000|
|  57|0x0000000085f00000, 0x0000000085f00000, 0x0000000086000000|  0%| F|  |TS  0|AC  0|TAMS 0x0000000085f00000, 0x0000000085f00000|
|  58|0x0000000086000000, 0x0000000086000000, 0x0000000086100000|  0%| F|  |TS  0|AC  0|TAMS 0x0000000086000000, 0x0000000086000000|
|  59|0x0000000086100000, 0x0000000086100000, 0x0000000086200000|  0%| F|  |TS  0|AC  0|TAMS 0x0000000086100000, 0x0000000086100000|
|  60|0x0000000086200000, 0x0000000086200000, 0x0000000086300000|  0%| F|  |TS  0|AC  0|TAMS 0x0000000086200000, 0x0000000086200000|
|  61|0x0000000086300000, 0x0000000086300000, 0x0000000086400000|  0%| F|  |TS  0|AC  0|TAMS 0x0000000086300000, 0x0000000086300000|
|  62|0x0000000086400000, 0x0000000086400000, 0x0000000086500000|  0%| F|  |TS  0|AC  0|TAMS 0x0000000086400000, 0x0000000086400000|
|  63|0x0000000086500000, 0x0000000086500000, 0x0000000086600000|  0%| F|  |TS  0|AC  0|TAMS 0x0000000086500000, 0x0000000086500000|
|  64|0x0000000086600000, 0x0000000086600000, 0x0000000086700000|  0%| F|  |TS  0|AC  0|TAMS 0x0000000086600000, 0x0000000086600000|
|  65|0x0000000086700000, 0x0000000086700000, 0x0000000086800000|  0%| F|  |TS  0|AC  0|TAMS 0x0000000086700000, 0x0000000086700000|
|  66|0x0000000086800000, 0x0000000086800000, 0x0000000086900000|  0%| F|  |TS  0|AC  0|TAMS 0x0000000086800000, 0x0000000086800000|
|  67|0x0000000086900000, 0x0000000086900000, 0x0000000086a00000|  0%| F|  |TS  0|AC  0|TAMS 0x0000000086900000, 0x0000000086900000|
|  68|0x0000000086a00000, 0x0000000086a00000, 0x0000000086b00000|  0%| F|  |TS  0|AC  0|TAMS 0x0000000086a00000, 0x0000000086a00000|
|  69|0x0000000086b00000, 0x0000000086b00000, 0x0000000086c00000|  0%| F|  |TS  0|AC  0|TAMS 0x0000000086b00000, 0x0000000086b00000|
|  70|0x0000000086c00000, 0x0000000086c00000, 0x0000000086d00000|  0%| F|  |TS  0|AC  0|TAMS 0x0000000086c00000, 0x0000000086c00000|
|  71|0x0000000086d00000, 0x0000000086d00000, 0x0000000086e00000|  0%| F|  |TS  0|AC  0|TAMS 0x0000000086d00000, 0x0000000086d00000|
|  72|0x0000000086e00000, 0x0000000086e00000, 0x0000000086f00000|  0%| F|  |TS  0|AC  0|TAMS 0x0000000086e00000, 0x0000000086e00000|
|  73|0x0000000086f00000, 0x0000000086f00000, 0x0000000087000000|  0%| F|  |TS  0|AC  0|TAMS 0x0000000086f00000, 0x0000000086f00000|
|  74|0x0000000087000000, 0x0000000087000000, 0x0000000087100000|  0%| F|  |TS  0|AC  0|TAMS 0x0000000087000000, 0x0000000087000000|
|  75|0x0000000087100000, 0x0000000087100000, 0x0000000087200000|  0%| F|  |TS  0|AC  0|TAMS 0x0000000087100000, 0x0000000087100000|
|  76|0x0000000087200000, 0x0000000087200000, 0x0000000087300000|  0%| F|  |TS  0|AC  0|TAMS 0x0000000087200000, 0x0000000087200000|
|  77|0x0000000087300000, 0x0000000087300000, 0x0000000087400000|  0%| F|  |TS  0|AC  0|TAMS 0x0000000087300000, 0x0000000087300000|
|  78|0x0000000087400000, 0x0000000087400000, 0x0000000087500000|  0%| F|  |TS  0|AC  0|TAMS 0x0000000087400000, 0x0000000087400000|
|  79|0x0000000087500000, 0x0000000087500000, 0x0000000087600000|  0%| F|  |TS  0|AC  0|TAMS 0x0000000087500000, 0x0000000087500000|
|  80|0x0000000087600000, 0x0000000087600000, 0x0000000087700000|  0%| F|  |TS  0|AC  0|TAMS 0x0000000087600000, 0x0000000087600000|
|  81|0x0000000087700000, 0x0000000087700000, 0x0000000087800000|  0%| F|  |TS  0|AC  0|TAMS 0x0000000087700000, 0x0000000087700000|
|  82|0x0000000087800000, 0x0000000087800000, 0x0000000087900000|  0%| F|  |TS  0|AC  0|TAMS 0x0000000087800000, 0x0000000087800000|
|  83|0x0000000087900000, 0x0000000087900000, 0x0000000087a00000|  0%| F|  |TS  0|AC  0|TAMS 0x0000000087900000, 0x0000000087900000|
|  84|0x0000000087a00000, 0x0000000087a00000, 0x0000000087b00000|  0%| F|  |TS  0|AC  0|TAMS 0x0000000087a00000, 0x0000000087a00000|
|  85|0x0000000087b00000, 0x0000000087b00000, 0x0000000087c00000|  0%| F|  |TS  0|AC  0|TAMS 0x0000000087b00000, 0x0000000087b00000|
|  86|0x0000000087c00000, 0x0000000087c00000, 0x0000000087d00000|  0%| F|  |TS  0|AC  0|TAMS 0x0000000087c00000, 0x0000000087c00000|
|  87|0x0000000087d00000, 0x0000000087d00000, 0x0000000087e00000|  0%| F|  |TS  0|AC  0|TAMS 0x0000000087d00000, 0x0000000087d00000|
|  88|0x0000000087e00000, 0x0000000087e00000, 0x0000000087f00000|  0%| F|  |TS  0|AC  0|TAMS 0x0000000087e00000, 0x0000000087e00000|
|  89|0x0000000087f00000, 0x0000000087f00000, 0x0000000088000000|  0%| F|  |TS  0|AC  0|TAMS 0x0000000087f00000, 0x0000000087f00000|
|  90|0x0000000088000000, 0x0000000088000000, 0x0000000088100000|  0%| F|  |TS  0|AC  0|TAMS 0x0000000088000000, 0x0000000088000000|
|  91|0x0000000088100000, 0x0000000088100000, 0x0000000088200000|  0%| F|  |TS  0|AC  0|TAMS 0x0000000088100000, 0x0000000088100000|
|  92|0x0000000088200000, 0x0000000088200000, 0x0000000088300000|  0%| F|  |TS  0|AC  0|TAMS 0x0000000088200000, 0x0000000088200000|
|  93|0x0000000088300000, 0x0000000088300000, 0x0000000088400000|  0%| F|  |TS  0|AC  0|TAMS 0x0000000088300000, 0x0000000088300000|
|  94|0x0000000088400000, 0x0000000088400000, 0x0000000088500000|  0%| F|  |TS  0|AC  0|TAMS 0x0000000088400000, 0x0000000088400000|
|  95|0x0000000088500000, 0x0000000088500000, 0x0000000088600000|  0%| F|  |TS  0|AC  0|TAMS 0x0000000088500000, 0x0000000088500000|
|  96|0x0000000088600000, 0x0000000088600000, 0x0000000088700000|  0%| F|  |TS  0|AC  0|TAMS 0x0000000088600000, 0x0000000088600000|
|  97|0x0000000088700000, 0x0000000088700000, 0x0000000088800000|  0%| F|  |TS  0|AC  0|TAMS 0x0000000088700000, 0x0000000088700000|
|  98|0x0000000088800000, 0x0000000088800000, 0x0000000088900000|  0%| F|  |TS  0|AC  0|TAMS 0x0000000088800000, 0x0000000088800000|
|  99|0x0000000088900000, 0x0000000088900000, 0x0000000088a00000|  0%| F|  |TS  0|AC  0|TAMS 0x0000000088900000, 0x0000000088900000|
| 100|0x0000000088a00000, 0x0000000088a00000, 0x0000000088b00000|  0%| F|  |TS  0|AC  0|TAMS 0x0000000088a00000, 0x0000000088a00000|
| 101|0x0000000088b00000, 0x0000000088b00000, 0x0000000088c00000|  0%| F|  |TS  0|AC  0|TAMS 0x0000000088b00000, 0x0000000088b00000|
| 102|0x0000000088c00000, 0x0000000088c00000, 0x0000000088d00000|  0%| F|  |TS  0|AC  0|TAMS 0x0000000088c00000, 0x0000000088c00000|
| 103|0x0000000088d00000, 0x0000000088d00000, 0x0000000088e00000|  0%| F|  |TS  0|AC  0|TAMS 0x0000000088d00000, 0x0000000088d00000|
| 104|0x0000000088e00000, 0x0000000088e00000, 0x0000000088f00000|  0%| F|  |TS  0|AC  0|TAMS 0x0000000088e00000, 0x0000000088e00000|
| 105|0x0000000088f00000, 0x0000000088f00000, 0x0000000089000000|  0%| F|  |TS  0|AC  0|TAMS 0x0000000088f00000, 0x0000000088f00000|
| 106|0x0000000089000000, 0x0000000089000000, 0x0000000089100000|  0%| F|  |TS  0|AC  0|TAMS 0x0000000089000000, 0x0000000089000000|
| 107|0x0000000089100000, 0x0000000089100000, 0x0000000089200000|  0%| F|  |TS  0|AC  0|TAMS 0x0000000089100000, 0x0000000089100000|
| 108|0x0000000089200000, 0x0000000089200000, 0x0000000089300000|  0%| F|  |TS  0|AC  0|TAMS 0x0000000089200000, 0x0000000089200000|
| 109|0x0000000089300000, 0x0000000089300000, 0x0000000089400000|  0%| F|  |TS  0|AC  0|TAMS 0x0000000089300000, 0x0000000089300000|
| 110|0x0000000089400000, 0x0000000089400000, 0x0000000089500000|  0%| F|  |TS  0|AC  0|TAMS 0x0000000089400000, 0x0000000089400000|
| 111|0x0000000089500000, 0x0000000089500000, 0x0000000089600000|  0%| F|  |TS  0|AC  0|TAMS 0x0000000089500000, 0x0000000089500000|
| 112|0x0000000089600000, 0x0000000089600000, 0x0000000089700000|  0%| F|  |TS  0|AC  0|TAMS 0x0000000089600000, 0x0000000089600000|
| 113|0x0000000089700000, 0x0000000089700000, 0x0000000089800000|  0%| F|  |TS  0|AC  0|TAMS 0x0000000089700000, 0x0000000089700000|
| 114|0x0000000089800000, 0x0000000089800000, 0x0000000089900000|  0%| F|  |TS  0|AC  0|TAMS 0x0000000089800000, 0x0000000089800000|
| 115|0x0000000089900000, 0x0000000089900000, 0x0000000089a00000|  0%| F|  |TS  0|AC  0|TAMS 0x0000000089900000, 0x0000000089900000|
| 116|0x0000000089a00000, 0x0000000089a00000, 0x0000000089b00000|  0%| F|  |TS  0|AC  0|TAMS 0x0000000089a00000, 0x0000000089a00000|
| 117|0x0000000089b00000, 0x0000000089b00000, 0x0000000089c00000|  0%| F|  |TS  0|AC  0|TAMS 0x0000000089b00000, 0x0000000089b00000|
| 118|0x0000000089c00000, 0x0000000089c00000, 0x0000000089d00000|  0%| F|  |TS  0|AC  0|TAMS 0x0000000089c00000, 0x0000000089c00000|
| 119|0x0000000089d00000, 0x0000000089d00000, 0x0000000089e00000|  0%| F|  |TS  0|AC  0|TAMS 0x0000000089d00000, 0x0000000089d00000|
| 120|0x0000000089e00000, 0x0000000089e00000, 0x0000000089f00000|  0%| F|  |TS  0|AC  0|TAMS 0x0000000089e00000, 0x0000000089e00000|
| 121|0x0000000089f00000, 0x0000000089f00000, 0x000000008a000000|  0%| F|  |TS  0|AC  0|TAMS 0x0000000089f00000, 0x0000000089f00000|
| 122|0x000000008a000000, 0x000000008a000000, 0x000000008a100000|  0%| F|  |TS  0|AC  0|TAMS 0x000000008a000000, 0x000000008a000000|
| 123|0x000000008a100000, 0x000000008a17b638, 0x000000008a200000| 48%| E|  |TS  0|AC  0|TAMS 0x000000008a100000, 0x000000008a100000|
| 124|0x000000008a200000, 0x000000008a300000, 0x000000008a300000|100%| E|CS|TS  0|AC  0|TAMS 0x000000008a200000, 0x000000008a200000|
| 125|0x000000008a300000, 0x000000008a400000, 0x000000008a400000|100%| E|CS|TS  0|AC  0|TAMS 0x000000008a300000, 0x000000008a300000|

Card table byte_map: [0x0000025920770000,0x0000025920b60000] byte_map_base: 0x000002592035d000

Marking Bits (Prev, Next): (CMBitMap*) 0x000002590993a4b0, (CMBitMap*) 0x000002590993a4e8
 Prev Bits: [0x0000025920f50000, 0x0000025922eb8000)
 Next Bits: [0x0000025922ec0000, 0x0000025924e28000)

Polling page: 0x00000259076e0000

CodeHeap 'non-profiled nmethods': size=120000Kb used=36Kb max_used=36Kb free=119963Kb
 bounds [0x0000025918b20000, 0x0000025918d90000, 0x0000025920050000]
CodeHeap 'profiled nmethods': size=120000Kb used=177Kb max_used=177Kb free=119823Kb
 bounds [0x00000259115f0000, 0x0000025911860000, 0x0000025918b20000]
CodeHeap 'non-nmethods': size=5760Kb used=1061Kb max_used=1073Kb free=4698Kb
 bounds [0x0000025911050000, 0x00000259112c0000, 0x00000259115f0000]
 total_blobs=412 nmethods=133 adapters=144
 compilation: enabled

Compilation events (10 events):
Event: 0.064 Thread 0x00000259278bd800 nmethod 20 0x00000259115f5c90 code [0x00000259115f5e60, 0x00000259115f60b0]
Event: 0.064 Thread 0x00000259278bd800   21       3       jdk.internal.module.Builder::newExports (11 bytes)
Event: 0.065 Thread 0x00000259278bd800 nmethod 21 0x00000259115f6190 code [0x00000259115f6380, 0x00000259115f6838]
Event: 0.065 Thread 0x00000259278bd800   23       3       java.util.AbstractCollection::<init> (5 bytes)
Event: 0.065 Thread 0x00000259278bd800 nmethod 23 0x00000259115f6a10 code [0x00000259115f6bc0, 0x00000259115f6d78]
Event: 0.065 Thread 0x00000259278bd800   25       1       java.lang.Object::<init> (1 bytes)
Event: 0.065 Thread 0x00000259278bd800 nmethod 25 0x0000025918b20710 code [0x0000025918b208c0, 0x0000025918b209d8]
Event: 0.065 Thread 0x00000259278bd800   22       3       java.lang.module.ModuleDescriptor$1::newExports (15 bytes)
Event: 0.065 Thread 0x00000259278bd800 nmethod 22 0x00000259115f6e10 code [0x00000259115f7000, 0x00000259115f7458]
Event: 0.065 Thread 0x00000259278bd800   24       3       java.lang.module.ModuleDescriptor$Exports::equals (62 bytes)

GC Heap History (0 events):
No events

Deoptimization events (0 events):
No events

Classes redefined (0 events):
No events

Internal exceptions (0 events):
No events

Events (10 events):
Event: 0.061 loading class java/lang/module/ModuleDescriptor$Modifier
Event: 0.061 loading class java/lang/Enum
Event: 0.061 loading class java/lang/Enum done
Event: 0.061 loading class java/lang/module/ModuleDescriptor$Modifier done
Event: 0.061 loading class java/lang/module/ModuleDescriptor$Requires$Modifier
Event: 0.061 loading class java/lang/module/ModuleDescriptor$Requires$Modifier done
Event: 0.062 loading class java/util/ImmutableCollections$ListN
Event: 0.062 loading class java/util/ImmutableCollections$ListN done
Event: 0.063 loading class java/util/ImmutableCollections$List2
Event: 0.063 loading class java/util/ImmutableCollections$List2 done


Dynamic libraries:
0x00007ff6c6d60000 - 0x00007ff6c6d9e000 	C:\Program Files\Java\jre-10.0.2\bin\javaw.exe
0x00007ff8059e0000 - 0x00007ff805bd0000 	C:\WINDOWS\SYSTEM32\ntdll.dll
0x00007ff8043d0000 - 0x00007ff804482000 	C:\WINDOWS\System32\KERNEL32.DLL
0x00007ff8034f0000 - 0x00007ff803794000 	C:\WINDOWS\System32\KERNELBASE.dll
0x00007ff805330000 - 0x00007ff8053d3000 	C:\WINDOWS\System32\ADVAPI32.dll
0x00007ff804eb0000 - 0x00007ff804f4e000 	C:\WINDOWS\System32\msvcrt.dll
0x00007ff803c40000 - 0x00007ff803cd7000 	C:\WINDOWS\System32\sechost.dll
0x00007ff804490000 - 0x00007ff8045b0000 	C:\WINDOWS\System32\RPCRT4.dll
0x00007ff804b50000 - 0x00007ff804ce4000 	C:\WINDOWS\System32\USER32.dll
0x00007ff802b70000 - 0x00007ff802b91000 	C:\WINDOWS\System32\win32u.dll
0x00007ff803c10000 - 0x00007ff803c36000 	C:\WINDOWS\System32\GDI32.dll
0x00007ff8037a0000 - 0x00007ff803934000 	C:\WINDOWS\System32\gdi32full.dll
0x00007ff8039f0000 - 0x00007ff803a8e000 	C:\WINDOWS\System32\msvcp_win.dll
0x00007ff803340000 - 0x00007ff80343a000 	C:\WINDOWS\System32\ucrtbase.dll
0x00007fffe7840000 - 0x00007fffe7ac4000 	C:\WINDOWS\WinSxS\amd64_microsoft.windows.common-controls_6595b64144ccf1df_6.0.18362.836_none_e6c4b943130f18ed\COMCTL32.dll
0x00007ffffbb30000 - 0x00007ffffbb3a000 	C:\WINDOWS\SYSTEM32\VERSION.dll
0x00007ff804f50000 - 0x00007ff805286000 	C:\WINDOWS\System32\combase.dll
0x00007ff803970000 - 0x00007ff8039f0000 	C:\WINDOWS\System32\bcryptPrimitives.dll
0x00007ff8052f0000 - 0x00007ff80531e000 	C:\WINDOWS\System32\IMM32.DLL
0x00007fffd27e0000 - 0x00007fffd28cf000 	C:\Program Files\Java\jre-10.0.2\bin\msvcr120.dll
0x00007fffd2730000 - 0x00007fffd27d6000 	C:\Program Files\Java\jre-10.0.2\bin\msvcp120.dll
0x0000000052a60000 - 0x00000000534d0000 	C:\Program Files\Java\jre-10.0.2\bin\server\jvm.dll
0x00007ff8058f0000 - 0x00007ff8058f8000 	C:\WINDOWS\System32\PSAPI.DLL
0x00007ff8008e0000 - 0x00007ff800904000 	C:\WINDOWS\SYSTEM32\WINMM.dll
0x00007ff800ac0000 - 0x00007ff800ac9000 	C:\WINDOWS\SYSTEM32\WSOCK32.dll
0x00007ff804ae0000 - 0x00007ff804b4f000 	C:\WINDOWS\System32\WS2_32.dll
0x00007ff800460000 - 0x00007ff80048d000 	C:\WINDOWS\SYSTEM32\winmmbase.dll
0x00007ff802b20000 - 0x00007ff802b6a000 	C:\WINDOWS\System32\cfgmgr32.dll
0x00007ffffc820000 - 0x00007ffffc82f000 	C:\Program Files\Java\jre-10.0.2\bin\verify.dll
0x00007fffe98e0000 - 0x00007fffe9ad4000 	C:\WINDOWS\SYSTEM32\DBGHELP.DLL
0x00007fffea420000 - 0x00007fffea44a000 	C:\WINDOWS\SYSTEM32\dbgcore.DLL
0x00007fffe6f60000 - 0x00007fffe6f87000 	C:\Program Files\Java\jre-10.0.2\bin\java.dll
0x00007fffd1670000 - 0x00007fffd16a6000 	C:\Program Files\Java\jre-10.0.2\bin\jdwp.dll
0x00007fffe09d0000 - 0x00007fffe09fa000 	C:\Program Files\Java\jre-10.0.2\bin\instrument.dll
0x00007ffffb830000 - 0x00007ffffb846000 	C:\Program Files\Java\jre-10.0.2\bin\zip.dll
0x00007ffffb930000 - 0x00007ffffb93a000 	C:\Program Files\Java\jre-10.0.2\bin\jimage.dll
0x00007ff803ce0000 - 0x00007ff8043c4000 	C:\WINDOWS\System32\SHELL32.dll
0x00007ff8055a0000 - 0x00007ff805649000 	C:\WINDOWS\System32\shcore.dll
0x00007ff802bc0000 - 0x00007ff80333e000 	C:\WINDOWS\System32\windows.storage.dll
0x00007ff8028d0000 - 0x00007ff8028f3000 	C:\WINDOWS\System32\profapi.dll
0x00007ff802900000 - 0x00007ff80294a000 	C:\WINDOWS\System32\powrprof.dll
0x00007ff8028a0000 - 0x00007ff8028b0000 	C:\WINDOWS\System32\UMPDC.dll
0x00007ff804a20000 - 0x00007ff804a72000 	C:\WINDOWS\System32\shlwapi.dll
0x00007ff8028b0000 - 0x00007ff8028c1000 	C:\WINDOWS\System32\kernel.appcore.dll
0x00007ff802ba0000 - 0x00007ff802bb7000 	C:\WINDOWS\System32\cryptsp.dll

dbghelp: loaded successfully - version: 4.0.5 - missing functions: none
symbol engine: initialized successfully - sym options: 0x614 - pdb path: .;C:\Program Files\Java\jre-10.0.2\bin;C:\WINDOWS\SYSTEM32;C:\WINDOWS\WinSxS\amd64_microsoft.windows.common-controls_6595b64144ccf1df_6.0.18362.836_none_e6c4b943130f18ed;C:\Program Files\Java\jre-10.0.2\bin\server

VM Arguments:
jvm_args: -agentlib:jdwp=transport=dt_socket,suspend=y,address=localhost:56977 -javaagent:C:\eclipse\configuration\org.eclipse.osgi\229\0\.cp\lib\javaagent-shaded.jar -Dfile.encoding=Cp1252 
java_command: main.Main
java_class_path (initial): C:\Users\Dusan\eclipse-ws\ProjekatBaze\bin;D:\Downloads\jtds-1.0.3.jar
Launcher Type: SUN_STANDARD

Logging:
Log output configuration:
#0: stdout all=warning uptime,level,tags
#1: stderr all=off uptime,level,tags

Environment Variables:
PATH=C:\Program Files (x86)\Common Files\Oracle\Java\javapath;C:\Windows\system32;C:\Windows;C:\Windows\System32\Wbem;C:\Windows\System32\WindowsPowerShell\v1.0\;C:\Windows\System32\OpenSSH\;C:\Program Files (x86)\NVIDIA Corporation\PhysX\Common;C:\Program Files\NVIDIA Corporation\NVIDIA NvDLISR;C:\Program Files\Git\cmd;C:\Program Files\PuTTY\;C:\Program Files\TortoiseGit\bin;C:\WINDOWS\system32;C:\WINDOWS;C:\WINDOWS\System32\Wbem;C:\WINDOWS\System32\WindowsPowerShell\v1.0\;C:\WINDOWS\System32\OpenSSH\;C:\Program Files (x86)\Microsoft SQL Server\110\Tools\Binn\ManagementStudio\;C:\Program Files (x86)\Microsoft SQL Server\110\Tools\Binn\;C:\Program Files (x86)\Microsoft SQL Server\110\DTS\Binn\;C:\Users\Dusan\AppData\Local\Microsoft\WindowsApps;%USERPROFILE%\AppData\Local\Microsoft\WindowsApps;
USERNAME=Dusan
OS=Windows_NT
PROCESSOR_IDENTIFIER=Intel64 Family 6 Model 158 Stepping 10, GenuineIntel



---------------  S Y S T E M  ---------------

OS: Windows 10 , 64 bit Build 18362 (10.0.18362.778)

CPU:total 8 (initial active 8) (4 cores per cpu, 2 threads per core) family 6 model 158 stepping 10, cmov, cx8, fxsr, mmx, sse, sse2, sse3, ssse3, sse4.1, sse4.2, popcnt, avx, avx2, aes, clmul, erms, 3dnowpref, lzcnt, ht, tsc, tscinvbit, bmi1, bmi2, adx, fma

Memory: 4k page, physical 8227124k(2337280k free), swap 15395124k(180k free)

vm_info: Java HotSpot(TM) 64-Bit Server VM (10.0.2+13) for windows-amd64 JRE (10.0.2+13), built on Jun 28 2018 01:57:56 by "mach5one" with MS VC++ 12.0 (VS2013)

END.
