#
# There is insufficient memory for the Java Runtime Environment to continue.
# Native memory allocation (malloc) failed to allocate 1048576 bytes for AllocateHeap
# Possible reasons:
#   The system is out of physical RAM or swap space
#   The process is running with CompressedOops enabled, and the Java Heap may be blocking the growth of the native heap
# Possible solutions:
#   Reduce memory load on the system
#   Increase physical memory or swap space
#   Check if swap backing store is full
#   Decrease Java heap size (-Xmx/-Xms)
#   Decrease number of Java threads
#   Decrease Java thread stack sizes (-Xss)
#   Set larger code cache with -XX:ReservedCodeCacheSize=
# This output file may be truncated or incomplete.
#
#  Out of Memory Error (memory/allocation.inline.hpp:63), pid=20052, tid=19092
#
# JRE version:  (10.0.2+13) (build )
# Java VM: Java HotSpot(TM) 64-Bit Server VM (10.0.2+13, mixed mode, aot, tiered, compressed oops, g1 gc, windows-amd64)
# No core dump will be written. Minidumps are not enabled by default on client versions of Windows
#

---------------  S U M M A R Y ------------

Command Line: -Dfile.encoding=Cp1252 main.Main

Host: Intel(R) Core(TM) i5-8300H CPU @ 2.30GHz, 8 cores, 7G,  Windows 10 , 64 bit Build 18362 (10.0.18362.778)
Time: Sun May 31 23:42:32 2020 Central Europe Daylight Time elapsed time: 0 seconds (0d 0h 0m 0s)

---------------  T H R E A D  ---------------

Current thread (0x0000022ec8bce800):  JavaThread "Unknown thread" [_thread_in_vm, id=19092, stack(0x0000009f65e00000,0x0000009f65f00000)]

Stack: [0x0000009f65e00000,0x0000009f65f00000]
Native frames: (J=compiled Java code, j=interpreted, Vv=VM code, C=native code)
V  [jvm.dll+0x5a01a9]
V  [jvm.dll+0x6bcf31]
V  [jvm.dll+0x6be126]
V  [jvm.dll+0x6be7b3]
V  [jvm.dll+0x234978]
V  [jvm.dll+0x105556]
V  [jvm.dll+0x2cb95c]
V  [jvm.dll+0x2c5734]
V  [jvm.dll+0x69d1db]
V  [jvm.dll+0x69e9fc]
V  [jvm.dll+0x3519e9]
V  [jvm.dll+0x6856a2]
V  [jvm.dll+0x3ba0c3]
V  [jvm.dll+0x3bc261]
C  [javaw.exe+0x3541]
C  [javaw.exe+0xe1cf]
C  [javaw.exe+0xe376]
C  [KERNEL32.DLL+0x17bd4]
C  [ntdll.dll+0x6ce51]


---------------  P R O C E S S  ---------------

Threads class SMR info:
_java_thread_list=0x0000022ec6a28cc0, length=0, elements={
}

Java Threads: ( => current thread )

Other Threads:
  0x0000022ec8be7800 GCTaskThread "GC Thread#0" [stack: 0x0000009f65f00000,0x0000009f66000000] [id=2288]
  0x0000022ec8beb800 GCTaskThread "GC Thread#1" [stack: 0x0000009f66000000,0x0000009f66100000] [id=6748]
  0x0000022ec8bed800 GCTaskThread "GC Thread#2" [stack: 0x0000009f66100000,0x0000009f66200000] [id=17944]
  0x0000022ec8bef800 GCTaskThread "GC Thread#3" [stack: 0x0000009f66200000,0x0000009f66300000] [id=13900]
  0x0000022ec8bf1800 GCTaskThread "GC Thread#4" [stack: 0x0000009f66300000,0x0000009f66400000] [id=20444]
  0x0000022ec8bfb800 GCTaskThread "GC Thread#5" [stack: 0x0000009f66400000,0x0000009f66500000] [id=8076]
  0x0000022ec8bfc000 GCTaskThread "GC Thread#6" [stack: 0x0000009f66500000,0x0000009f66600000] [id=7976]
  0x0000022ec8bfd000 GCTaskThread "GC Thread#7" [stack: 0x0000009f66600000,0x0000009f66700000] [id=9412]

[error occurred during error reporting (printing all threads), id 0xe0000001]

VM state:not at safepoint (not fully initialized)

VM Mutex/Monitor currently owned by a thread:  ([mutex/lock_event])
[0x0000022ec8bce230] Heap_lock - owner thread: 0x0000022ec8bce800

Heap address: 0x0000000082600000, size: 2010 MB, Compressed Oops mode: Non-zero based: 0x0000000082600000
Narrow klass base: 0x0000000000000000, Narrow klass shift: 0

GC Heap History (0 events):
No events

Deoptimization events (0 events):
No events

Classes redefined (0 events):
No events

Internal exceptions (0 events):
No events

Events (0 events):
No events


Dynamic libraries:
0x00007ff6c6d60000 - 0x00007ff6c6d9e000 	C:\Program Files\Java\jre-10.0.2\bin\javaw.exe
0x00007ff8059e0000 - 0x00007ff805bd0000 	C:\WINDOWS\SYSTEM32\ntdll.dll
0x00007ff8043d0000 - 0x00007ff804482000 	C:\WINDOWS\System32\KERNEL32.DLL
0x00007ff8034f0000 - 0x00007ff803794000 	C:\WINDOWS\System32\KERNELBASE.dll
0x00007ff805330000 - 0x00007ff8053d3000 	C:\WINDOWS\System32\ADVAPI32.dll
0x00007ff804eb0000 - 0x00007ff804f4e000 	C:\WINDOWS\System32\msvcrt.dll
0x00007ff803c40000 - 0x00007ff803cd7000 	C:\WINDOWS\System32\sechost.dll
0x00007ff804490000 - 0x00007ff8045b0000 	C:\WINDOWS\System32\RPCRT4.dll
0x00007ff804b50000 - 0x00007ff804ce4000 	C:\WINDOWS\System32\USER32.dll
0x00007ff802b70000 - 0x00007ff802b91000 	C:\WINDOWS\System32\win32u.dll
0x00007ff803c10000 - 0x00007ff803c36000 	C:\WINDOWS\System32\GDI32.dll
0x00007ff8037a0000 - 0x00007ff803934000 	C:\WINDOWS\System32\gdi32full.dll
0x00007ff8039f0000 - 0x00007ff803a8e000 	C:\WINDOWS\System32\msvcp_win.dll
0x00007ff803340000 - 0x00007ff80343a000 	C:\WINDOWS\System32\ucrtbase.dll
0x00007fffe7840000 - 0x00007fffe7ac4000 	C:\WINDOWS\WinSxS\amd64_microsoft.windows.common-controls_6595b64144ccf1df_6.0.18362.836_none_e6c4b943130f18ed\COMCTL32.dll
0x00007ffffbb30000 - 0x00007ffffbb3a000 	C:\WINDOWS\SYSTEM32\VERSION.dll
0x00007ff804f50000 - 0x00007ff805286000 	C:\WINDOWS\System32\combase.dll
0x00007ff803970000 - 0x00007ff8039f0000 	C:\WINDOWS\System32\bcryptPrimitives.dll
0x00007ff8052f0000 - 0x00007ff80531e000 	C:\WINDOWS\System32\IMM32.DLL
0x00007fffd2720000 - 0x00007fffd280f000 	C:\Program Files\Java\jre-10.0.2\bin\msvcr120.dll
0x00007fffe0950000 - 0x00007fffe09f6000 	C:\Program Files\Java\jre-10.0.2\bin\msvcp120.dll
0x0000000052a60000 - 0x00000000534d0000 	C:\Program Files\Java\jre-10.0.2\bin\server\jvm.dll
0x00007ff8058f0000 - 0x00007ff8058f8000 	C:\WINDOWS\System32\PSAPI.DLL
0x00007ff800ac0000 - 0x00007ff800ac9000 	C:\WINDOWS\SYSTEM32\WSOCK32.dll
0x00007ff8008e0000 - 0x00007ff800904000 	C:\WINDOWS\SYSTEM32\WINMM.dll
0x00007ff804ae0000 - 0x00007ff804b4f000 	C:\WINDOWS\System32\WS2_32.dll
0x00007ff800460000 - 0x00007ff80048d000 	C:\WINDOWS\SYSTEM32\winmmbase.dll
0x00007ff802b20000 - 0x00007ff802b6a000 	C:\WINDOWS\System32\cfgmgr32.dll
0x00007ffffc830000 - 0x00007ffffc83f000 	C:\Program Files\Java\jre-10.0.2\bin\verify.dll
0x00007fffe98e0000 - 0x00007fffe9ad4000 	C:\WINDOWS\SYSTEM32\DBGHELP.DLL
0x00007fffea420000 - 0x00007fffea44a000 	C:\WINDOWS\SYSTEM32\dbgcore.DLL
0x00007ffffb760000 - 0x00007ffffb787000 	C:\Program Files\Java\jre-10.0.2\bin\java.dll
0x00007ffffb830000 - 0x00007ffffb846000 	C:\Program Files\Java\jre-10.0.2\bin\zip.dll
0x00007ffffc820000 - 0x00007ffffc82a000 	C:\Program Files\Java\jre-10.0.2\bin\jimage.dll

dbghelp: loaded successfully - version: 4.0.5 - missing functions: none
symbol engine: initialized successfully - sym options: 0x614 - pdb path: .;C:\Program Files\Java\jre-10.0.2\bin;C:\WINDOWS\SYSTEM32;C:\WINDOWS\WinSxS\amd64_microsoft.windows.common-controls_6595b64144ccf1df_6.0.18362.836_none_e6c4b943130f18ed;C:\Program Files\Java\jre-10.0.2\bin\server

VM Arguments:
jvm_args: -Dfile.encoding=Cp1252 
java_command: main.Main
java_class_path (initial): C:\Users\Dusan\eclipse-ws\ProjekatBaze\bin;D:\Downloads\jtds-1.0.3.jar
Launcher Type: SUN_STANDARD

Logging:
Log output configuration:
#0: stdout all=warning uptime,level,tags
#1: stderr all=off uptime,level,tags

Environment Variables:
PATH=C:\Program Files (x86)\Common Files\Oracle\Java\javapath;C:\Windows\system32;C:\Windows;C:\Windows\System32\Wbem;C:\Windows\System32\WindowsPowerShell\v1.0\;C:\Windows\System32\OpenSSH\;C:\Program Files (x86)\NVIDIA Corporation\PhysX\Common;C:\Program Files\NVIDIA Corporation\NVIDIA NvDLISR;C:\Program Files\Git\cmd;C:\Program Files\PuTTY\;C:\Program Files\TortoiseGit\bin;C:\WINDOWS\system32;C:\WINDOWS;C:\WINDOWS\System32\Wbem;C:\WINDOWS\System32\WindowsPowerShell\v1.0\;C:\WINDOWS\System32\OpenSSH\;C:\Program Files (x86)\Microsoft SQL Server\110\Tools\Binn\ManagementStudio\;C:\Program Files (x86)\Microsoft SQL Server\110\Tools\Binn\;C:\Program Files (x86)\Microsoft SQL Server\110\DTS\Binn\;C:\Users\Dusan\AppData\Local\Microsoft\WindowsApps;%USERPROFILE%\AppData\Local\Microsoft\WindowsApps;
USERNAME=Dusan
OS=Windows_NT
PROCESSOR_IDENTIFIER=Intel64 Family 6 Model 158 Stepping 10, GenuineIntel



---------------  S Y S T E M  ---------------

OS: Windows 10 , 64 bit Build 18362 (10.0.18362.778)

CPU:total 8 (initial active 8) (4 cores per cpu, 2 threads per core) family 6 model 158 stepping 10, cmov, cx8, fxsr, mmx, sse, sse2, sse3, ssse3, sse4.1, sse4.2, popcnt, avx, avx2, aes, clmul, erms, 3dnowpref, lzcnt, ht, tsc, tscinvbit, bmi1, bmi2, adx, fma

Memory: 4k page, physical 8227124k(2031380k free), swap 15395124k(13672k free)

vm_info: Java HotSpot(TM) 64-Bit Server VM (10.0.2+13) for windows-amd64 JRE (10.0.2+13), built on Jun 28 2018 01:57:56 by "mach5one" with MS VC++ 12.0 (VS2013)

END.
