#
# There is insufficient memory for the Java Runtime Environment to continue.
# Native memory allocation (malloc) failed to allocate 903376 bytes for Chunk::new
# Possible reasons:
#   The system is out of physical RAM or swap space
#   The process is running with CompressedOops enabled, and the Java Heap may be blocking the growth of the native heap
# Possible solutions:
#   Reduce memory load on the system
#   Increase physical memory or swap space
#   Check if swap backing store is full
#   Decrease Java heap size (-Xmx/-Xms)
#   Decrease number of Java threads
#   Decrease Java thread stack sizes (-Xss)
#   Set larger code cache with -XX:ReservedCodeCacheSize=
#   JVM is running with Unscaled Compressed Oops mode in which the Java heap is
#     placed in the first 4GB address space. The Java Heap base address is the
#     maximum limit for the native heap growth. Please use -XX:HeapBaseMinAddress
#     to set the Java Heap base and to place the Java Heap above 4GB virtual address.
# This output file may be truncated or incomplete.
#
#  Out of Memory Error (t:/workspace/open/src/hotspot/share/memory/arena.cpp:198), pid=19412, tid=9628
#
# JRE version: Java(TM) SE Runtime Environment (10.0.2+13) (build 10.0.2+13)
# Java VM: Java HotSpot(TM) 64-Bit Server VM (10.0.2+13, mixed mode, tiered, compressed oops, g1 gc, windows-amd64)
# No core dump will be written. Minidumps are not enabled by default on client versions of Windows
#

---------------  S U M M A R Y ------------

Command Line: -agentlib:jdwp=transport=dt_socket,suspend=y,address=localhost:58092 -javaagent:C:\eclipse\configuration\org.eclipse.osgi\229\0\.cp\lib\javaagent-shaded.jar -Dfile.encoding=Cp1252 main.Main

Host: Intel(R) Core(TM) i5-8300H CPU @ 2.30GHz, 8 cores, 7G,  Windows 10 , 64 bit Build 18362 (10.0.18362.778)
Time: Sun May 31 22:46:52 2020 Central Europe Daylight Time elapsed time: 0 seconds (0d 0h 0m 0s)

---------------  T H R E A D  ---------------

Current thread (0x000001cb28f0a800):  JavaThread "C2 CompilerThread1" daemon [_thread_in_native, id=9628, stack(0x000000561cd00000,0x000000561ce00000)]


Current CompileTask:
C2:    610  700 %     4       org.eclipse.jdt.launching.internal.org.objectweb.asm.ClassReader::readCode @ 71 (5089 bytes)

Stack: [0x000000561cd00000,0x000000561ce00000]
Native frames: (J=compiled Java code, j=interpreted, Vv=VM code, C=native code)
V  [jvm.dll+0x5a01a9]
V  [jvm.dll+0x6bcf31]
V  [jvm.dll+0x6be126]
V  [jvm.dll+0x6be7b3]
V  [jvm.dll+0x234978]
V  [jvm.dll+0xbb69c]
V  [jvm.dll+0xbbbac]
V  [jvm.dll+0x2a68e4]
V  [jvm.dll+0x4bf92a]
V  [jvm.dll+0x201949]
V  [jvm.dll+0x1ff0a1]
V  [jvm.dll+0x17c94b]
V  [jvm.dll+0x20c8dd]
V  [jvm.dll+0x20b6a6]
V  [jvm.dll+0x68b7ff]
V  [jvm.dll+0x59f4b0]
C  [msvcr120.dll+0x24f7f]
C  [msvcr120.dll+0x25126]
C  [KERNEL32.DLL+0x17bd4]
C  [ntdll.dll+0x6ce51]


---------------  P R O C E S S  ---------------

Threads class SMR info:
_java_thread_list=0x000001cb29caa5c0, length=15, elements={
0x000001cb0aef3000, 0x000001cb28eed000, 0x000001cb28ef6000, 0x000001cb28f02000,
0x000001cb28f03000, 0x000001cb28f09800, 0x000001cb28f0a800, 0x000001cb29810800,
0x000001cb29813000, 0x000001cb2984c000, 0x000001cb29c0d800, 0x000001cb29c0e800,
0x000001cb29be9000, 0x000001cb29d21800, 0x000001cb29caa800
}

Java Threads: ( => current thread )
  0x000001cb0aef3000 JavaThread "main" [_thread_in_Java, id=13820, stack(0x000000561b200000,0x000000561b300000)]
  0x000001cb28eed000 JavaThread "Reference Handler" daemon [_thread_blocked, id=8988, stack(0x000000561c800000,0x000000561c900000)]
  0x000001cb28ef6000 JavaThread "Finalizer" daemon [_thread_blocked, id=12632, stack(0x000000561c900000,0x000000561ca00000)]
  0x000001cb28f02000 JavaThread "Signal Dispatcher" daemon [_thread_blocked, id=14780, stack(0x000000561ca00000,0x000000561cb00000)]
  0x000001cb28f03000 JavaThread "Attach Listener" daemon [_thread_blocked, id=17320, stack(0x000000561cb00000,0x000000561cc00000)]
  0x000001cb28f09800 JavaThread "C2 CompilerThread0" daemon [_thread_in_native, id=1820, stack(0x000000561cc00000,0x000000561cd00000)]
=>0x000001cb28f0a800 JavaThread "C2 CompilerThread1" daemon [_thread_in_native, id=9628, stack(0x000000561cd00000,0x000000561ce00000)]
  0x000001cb29810800 JavaThread "C2 CompilerThread2" daemon [_thread_in_native, id=15416, stack(0x000000561ce00000,0x000000561cf00000)]
  0x000001cb29813000 JavaThread "C1 CompilerThread3" daemon [_thread_blocked, id=19156, stack(0x000000561cf00000,0x000000561d000000)]
  0x000001cb2984c000 JavaThread "Sweeper thread" daemon [_thread_blocked, id=14912, stack(0x000000561d000000,0x000000561d100000)]
  0x000001cb29c0d800 JavaThread "JDWP Transport Listener: dt_socket" daemon [_thread_blocked, id=11776, stack(0x000000561d100000,0x000000561d200000)]
  0x000001cb29c0e800 JavaThread "JDWP Event Helper Thread" daemon [_thread_blocked, id=15052, stack(0x000000561d200000,0x000000561d300000)]
  0x000001cb29be9000 JavaThread "JDWP Command Reader" daemon [_thread_in_native, id=19432, stack(0x000000561d300000,0x000000561d400000)]
  0x000001cb29d21800 JavaThread "Common-Cleaner" daemon [_thread_blocked, id=2960, stack(0x000000561d400000,0x000000561d500000)]
  0x000001cb29caa800 JavaThread "Service Thread" daemon [_thread_blocked, id=12192, stack(0x000000561d500000,0x000000561d600000)]

Other Threads:
  0x000001cb28edd000 VMThread "VM Thread" [stack: 0x000000561c700000,0x000000561c800000] [id=624]
  0x000001cb29cab800 WatcherThread [stack: 0x000000561d600000,0x000000561d700000] [id=11252]
  0x000001cb0af0d800 GCTaskThread "GC Thread#0" [stack: 0x000000561b300000,0x000000561b400000] [id=13616]
  0x000001cb0af0f000 GCTaskThread "GC Thread#1" [stack: 0x000000561b400000,0x000000561b500000] [id=15512]
  0x000001cb0af11000 GCTaskThread "GC Thread#2" [stack: 0x000000561b500000,0x000000561b600000] [id=12504]
  0x000001cb0af13800 GCTaskThread "GC Thread#3" [stack: 0x000000561b600000,0x000000561b700000] [id=17732]
  0x000001cb0af1d000 GCTaskThread "GC Thread#4" [stack: 0x000000561b700000,0x000000561b800000] [id=14720]
  0x000001cb0af23000 GCTaskThread "GC Thread#5" [stack: 0x000000561b800000,0x000000561b900000] [id=16736]
  0x000001cb0af24000 GCTaskThread "GC Thread#6" [stack: 0x000000561b900000,0x000000561ba00000] [id=12616]
  0x000001cb0af24800 GCTaskThread "GC Thread#7" [stack: 0x000000561ba00000,0x000000561bb00000] [id=11312]
  0x000001cb0af97000 ConcurrentGCThread "G1 Main Marker" [stack: 0x000000561bb00000,0x000000561bc00000] [id=18548]
  0x000001cb0af98000 ConcurrentGCThread "G1 Conc#0" [stack: 0x000000561bc00000,0x000000561bd00000] [id=1412]
  0x000001cb0af9b000 ConcurrentGCThread "G1 Conc#1" [stack: 0x000000561bd00000,0x000000561be00000] [id=17068]
  0x000001cb28d5e000 ConcurrentGCThread "G1 Refine#0" [stack: 0x000000561be00000,0x000000561bf00000] [id=9116]
  0x000001cb28d5f000 ConcurrentGCThread "G1 Refine#1" [stack: 0x000000561bf00000,0x000000561c000000] [id=11376]
  0x000001cb28d60800 ConcurrentGCThread "G1 Refine#2" [stack: 0x000000561c000000,0x000000561c100000] [id=18128]
  0x000001cb28d6d800 ConcurrentGCThread "G1 Refine#3" [stack: 0x000000561c100000,0x000000561c200000] [id=1832]
  0x000001cb28d71800 ConcurrentGCThread "G1 Refine#4" [stack: 0x000000561c200000,0x000000561c300000] [id=1632]
  0x000001cb28d74800 ConcurrentGCThread "G1 Refine#5" [stack: 0x000000561c300000,0x000000561c400000] [id=4204]
  0x000001cb28d77000 ConcurrentGCThread "G1 Refine#6" [stack: 0x000000561c400000,0x000000561c500000] [id=14776]
  0x000001cb28d78000 ConcurrentGCThread "G1 Refine#7" [stack: 0x000000561c500000,0x000000561c600000] [id=12248]
  0x000001cb28d78800 ConcurrentGCThread "G1 Young RemSet Sampling" [stack: 0x000000561c600000,0x000000561c700000] [id=9344]

Threads with active compile tasks:
C2 CompilerThread0 790       4       jdk.internal.org.objectweb.asm.Item::set (219 bytes)
C2 CompilerThread1 700 %     4       org.eclipse.jdt.launching.internal.org.objectweb.asm.ClassReader::readCode @ 71 (5089 bytes)
C2 CompilerThread2 698       4       org.eclipse.jdt.launching.internal.org.objectweb.asm.SymbolTable::addConstantMemberReference (147 bytes)
C1 CompilerThread3 835       3       org.eclipse.jdt.launching.internal.org.objectweb.asm.FieldWriter::putFieldInfo (269 bytes)

VM state:not at safepoint (normal execution)

VM Mutex/Monitor currently owned by a thread:  ([mutex/lock_event])
[0x000001cb0aef0820] CodeCache_lock - owner thread: 0x000001cb29813000
[0x000001cb0aeeff20] Patching_lock - owner thread: 0x0000000000000000

Heap address: 0x0000000082600000, size: 2010 MB, Compressed Oops mode: 32-bit
Narrow klass base: 0x0000000000000000, Narrow klass shift: 3
Compressed class space size: 1073741824 Address: 0x0000000100000000

Heap:
 garbage-first heap   total 129024K, used 13312K [0x0000000082600000, 0x0000000100000000)
  region size 1024K, 14 young (14336K), 0 survivors (0K)
 Metaspace       used 9970K, capacity 10188K, committed 10368K, reserved 1058816K
  class space    used 944K, capacity 1038K, committed 1152K, reserved 1048576K
Heap Regions: E=young(eden), S=young(survivor), O=old, HS=humongous(starts), HC=humongous(continues), CS=collection set, F=free, A=archive, TS=gc time stamp, AC=allocation context, TAMS=top-at-mark-start (previous, next)
|   0|0x0000000082600000, 0x0000000082600000, 0x0000000082700000|  0%| F|  |TS  0|AC  0|TAMS 0x0000000082600000, 0x0000000082600000|
|   1|0x0000000082700000, 0x0000000082700000, 0x0000000082800000|  0%| F|  |TS  0|AC  0|TAMS 0x0000000082700000, 0x0000000082700000|
|   2|0x0000000082800000, 0x0000000082800000, 0x0000000082900000|  0%| F|  |TS  0|AC  0|TAMS 0x0000000082800000, 0x0000000082800000|
|   3|0x0000000082900000, 0x0000000082900000, 0x0000000082a00000|  0%| F|  |TS  0|AC  0|TAMS 0x0000000082900000, 0x0000000082900000|
|   4|0x0000000082a00000, 0x0000000082a00000, 0x0000000082b00000|  0%| F|  |TS  0|AC  0|TAMS 0x0000000082a00000, 0x0000000082a00000|
|   5|0x0000000082b00000, 0x0000000082b00000, 0x0000000082c00000|  0%| F|  |TS  0|AC  0|TAMS 0x0000000082b00000, 0x0000000082b00000|
|   6|0x0000000082c00000, 0x0000000082c00000, 0x0000000082d00000|  0%| F|  |TS  0|AC  0|TAMS 0x0000000082c00000, 0x0000000082c00000|
|   7|0x0000000082d00000, 0x0000000082d00000, 0x0000000082e00000|  0%| F|  |TS  0|AC  0|TAMS 0x0000000082d00000, 0x0000000082d00000|
|   8|0x0000000082e00000, 0x0000000082e00000, 0x0000000082f00000|  0%| F|  |TS  0|AC  0|TAMS 0x0000000082e00000, 0x0000000082e00000|
|   9|0x0000000082f00000, 0x0000000082f00000, 0x0000000083000000|  0%| F|  |TS  0|AC  0|TAMS 0x0000000082f00000, 0x0000000082f00000|
|  10|0x0000000083000000, 0x0000000083000000, 0x0000000083100000|  0%| F|  |TS  0|AC  0|TAMS 0x0000000083000000, 0x0000000083000000|
|  11|0x0000000083100000, 0x0000000083100000, 0x0000000083200000|  0%| F|  |TS  0|AC  0|TAMS 0x0000000083100000, 0x0000000083100000|
|  12|0x0000000083200000, 0x0000000083200000, 0x0000000083300000|  0%| F|  |TS  0|AC  0|TAMS 0x0000000083200000, 0x0000000083200000|
|  13|0x0000000083300000, 0x0000000083300000, 0x0000000083400000|  0%| F|  |TS  0|AC  0|TAMS 0x0000000083300000, 0x0000000083300000|
|  14|0x0000000083400000, 0x0000000083400000, 0x0000000083500000|  0%| F|  |TS  0|AC  0|TAMS 0x0000000083400000, 0x0000000083400000|
|  15|0x0000000083500000, 0x0000000083500000, 0x0000000083600000|  0%| F|  |TS  0|AC  0|TAMS 0x0000000083500000, 0x0000000083500000|
|  16|0x0000000083600000, 0x0000000083600000, 0x0000000083700000|  0%| F|  |TS  0|AC  0|TAMS 0x0000000083600000, 0x0000000083600000|
|  17|0x0000000083700000, 0x0000000083700000, 0x0000000083800000|  0%| F|  |TS  0|AC  0|TAMS 0x0000000083700000, 0x0000000083700000|
|  18|0x0000000083800000, 0x0000000083800000, 0x0000000083900000|  0%| F|  |TS  0|AC  0|TAMS 0x0000000083800000, 0x0000000083800000|
|  19|0x0000000083900000, 0x0000000083900000, 0x0000000083a00000|  0%| F|  |TS  0|AC  0|TAMS 0x0000000083900000, 0x0000000083900000|
|  20|0x0000000083a00000, 0x0000000083a00000, 0x0000000083b00000|  0%| F|  |TS  0|AC  0|TAMS 0x0000000083a00000, 0x0000000083a00000|
|  21|0x0000000083b00000, 0x0000000083b00000, 0x0000000083c00000|  0%| F|  |TS  0|AC  0|TAMS 0x0000000083b00000, 0x0000000083b00000|
|  22|0x0000000083c00000, 0x0000000083c00000, 0x0000000083d00000|  0%| F|  |TS  0|AC  0|TAMS 0x0000000083c00000, 0x0000000083c00000|
|  23|0x0000000083d00000, 0x0000000083d00000, 0x0000000083e00000|  0%| F|  |TS  0|AC  0|TAMS 0x0000000083d00000, 0x0000000083d00000|
|  24|0x0000000083e00000, 0x0000000083e00000, 0x0000000083f00000|  0%| F|  |TS  0|AC  0|TAMS 0x0000000083e00000, 0x0000000083e00000|
|  25|0x0000000083f00000, 0x0000000083f00000, 0x0000000084000000|  0%| F|  |TS  0|AC  0|TAMS 0x0000000083f00000, 0x0000000083f00000|
|  26|0x0000000084000000, 0x0000000084000000, 0x0000000084100000|  0%| F|  |TS  0|AC  0|TAMS 0x0000000084000000, 0x0000000084000000|
|  27|0x0000000084100000, 0x0000000084100000, 0x0000000084200000|  0%| F|  |TS  0|AC  0|TAMS 0x0000000084100000, 0x0000000084100000|
|  28|0x0000000084200000, 0x0000000084200000, 0x0000000084300000|  0%| F|  |TS  0|AC  0|TAMS 0x0000000084200000, 0x0000000084200000|
|  29|0x0000000084300000, 0x0000000084300000, 0x0000000084400000|  0%| F|  |TS  0|AC  0|TAMS 0x0000000084300000, 0x0000000084300000|
|  30|0x0000000084400000, 0x0000000084400000, 0x0000000084500000|  0%| F|  |TS  0|AC  0|TAMS 0x0000000084400000, 0x0000000084400000|
|  31|0x0000000084500000, 0x0000000084500000, 0x0000000084600000|  0%| F|  |TS  0|AC  0|TAMS 0x0000000084500000, 0x0000000084500000|
|  32|0x0000000084600000, 0x0000000084600000, 0x0000000084700000|  0%| F|  |TS  0|AC  0|TAMS 0x0000000084600000, 0x0000000084600000|
|  33|0x0000000084700000, 0x0000000084700000, 0x0000000084800000|  0%| F|  |TS  0|AC  0|TAMS 0x0000000084700000, 0x0000000084700000|
|  34|0x0000000084800000, 0x0000000084800000, 0x0000000084900000|  0%| F|  |TS  0|AC  0|TAMS 0x0000000084800000, 0x0000000084800000|
|  35|0x0000000084900000, 0x0000000084900000, 0x0000000084a00000|  0%| F|  |TS  0|AC  0|TAMS 0x0000000084900000, 0x0000000084900000|
|  36|0x0000000084a00000, 0x0000000084a00000, 0x0000000084b00000|  0%| F|  |TS  0|AC  0|TAMS 0x0000000084a00000, 0x0000000084a00000|
|  37|0x0000000084b00000, 0x0000000084b00000, 0x0000000084c00000|  0%| F|  |TS  0|AC  0|TAMS 0x0000000084b00000, 0x0000000084b00000|
|  38|0x0000000084c00000, 0x0000000084c00000, 0x0000000084d00000|  0%| F|  |TS  0|AC  0|TAMS 0x0000000084c00000, 0x0000000084c00000|
|  39|0x0000000084d00000, 0x0000000084d00000, 0x0000000084e00000|  0%| F|  |TS  0|AC  0|TAMS 0x0000000084d00000, 0x0000000084d00000|
|  40|0x0000000084e00000, 0x0000000084e00000, 0x0000000084f00000|  0%| F|  |TS  0|AC  0|TAMS 0x0000000084e00000, 0x0000000084e00000|
|  41|0x0000000084f00000, 0x0000000084f00000, 0x0000000085000000|  0%| F|  |TS  0|AC  0|TAMS 0x0000000084f00000, 0x0000000084f00000|
|  42|0x0000000085000000, 0x0000000085000000, 0x0000000085100000|  0%| F|  |TS  0|AC  0|TAMS 0x0000000085000000, 0x0000000085000000|
|  43|0x0000000085100000, 0x0000000085100000, 0x0000000085200000|  0%| F|  |TS  0|AC  0|TAMS 0x0000000085100000, 0x0000000085100000|
|  44|0x0000000085200000, 0x0000000085200000, 0x0000000085300000|  0%| F|  |TS  0|AC  0|TAMS 0x0000000085200000, 0x0000000085200000|
|  45|0x0000000085300000, 0x0000000085300000, 0x0000000085400000|  0%| F|  |TS  0|AC  0|TAMS 0x0000000085300000, 0x0000000085300000|
|  46|0x0000000085400000, 0x0000000085400000, 0x0000000085500000|  0%| F|  |TS  0|AC  0|TAMS 0x0000000085400000, 0x0000000085400000|
|  47|0x0000000085500000, 0x0000000085500000, 0x0000000085600000|  0%| F|  |TS  0|AC  0|TAMS 0x0000000085500000, 0x0000000085500000|
|  48|0x0000000085600000, 0x0000000085600000, 0x0000000085700000|  0%| F|  |TS  0|AC  0|TAMS 0x0000000085600000, 0x0000000085600000|
|  49|0x0000000085700000, 0x0000000085700000, 0x0000000085800000|  0%| F|  |TS  0|AC  0|TAMS 0x0000000085700000, 0x0000000085700000|
|  50|0x0000000085800000, 0x0000000085800000, 0x0000000085900000|  0%| F|  |TS  0|AC  0|TAMS 0x0000000085800000, 0x0000000085800000|
|  51|0x0000000085900000, 0x0000000085900000, 0x0000000085a00000|  0%| F|  |TS  0|AC  0|TAMS 0x0000000085900000, 0x0000000085900000|
|  52|0x0000000085a00000, 0x0000000085a00000, 0x0000000085b00000|  0%| F|  |TS  0|AC  0|TAMS 0x0000000085a00000, 0x0000000085a00000|
|  53|0x0000000085b00000, 0x0000000085b00000, 0x0000000085c00000|  0%| F|  |TS  0|AC  0|TAMS 0x0000000085b00000, 0x0000000085b00000|
|  54|0x0000000085c00000, 0x0000000085c00000, 0x0000000085d00000|  0%| F|  |TS  0|AC  0|TAMS 0x0000000085c00000, 0x0000000085c00000|
|  55|0x0000000085d00000, 0x0000000085d00000, 0x0000000085e00000|  0%| F|  |TS  0|AC  0|TAMS 0x0000000085d00000, 0x0000000085d00000|
|  56|0x0000000085e00000, 0x0000000085e00000, 0x0000000085f00000|  0%| F|  |TS  0|AC  0|TAMS 0x0000000085e00000, 0x0000000085e00000|
|  57|0x0000000085f00000, 0x0000000085f00000, 0x0000000086000000|  0%| F|  |TS  0|AC  0|TAMS 0x0000000085f00000, 0x0000000085f00000|
|  58|0x0000000086000000, 0x0000000086000000, 0x0000000086100000|  0%| F|  |TS  0|AC  0|TAMS 0x0000000086000000, 0x0000000086000000|
|  59|0x0000000086100000, 0x0000000086100000, 0x0000000086200000|  0%| F|  |TS  0|AC  0|TAMS 0x0000000086100000, 0x0000000086100000|
|  60|0x0000000086200000, 0x0000000086200000, 0x0000000086300000|  0%| F|  |TS  0|AC  0|TAMS 0x0000000086200000, 0x0000000086200000|
|  61|0x0000000086300000, 0x0000000086300000, 0x0000000086400000|  0%| F|  |TS  0|AC  0|TAMS 0x0000000086300000, 0x0000000086300000|
|  62|0x0000000086400000, 0x0000000086400000, 0x0000000086500000|  0%| F|  |TS  0|AC  0|TAMS 0x0000000086400000, 0x0000000086400000|
|  63|0x0000000086500000, 0x0000000086500000, 0x0000000086600000|  0%| F|  |TS  0|AC  0|TAMS 0x0000000086500000, 0x0000000086500000|
|  64|0x0000000086600000, 0x0000000086600000, 0x0000000086700000|  0%| F|  |TS  0|AC  0|TAMS 0x0000000086600000, 0x0000000086600000|
|  65|0x0000000086700000, 0x0000000086700000, 0x0000000086800000|  0%| F|  |TS  0|AC  0|TAMS 0x0000000086700000, 0x0000000086700000|
|  66|0x0000000086800000, 0x0000000086800000, 0x0000000086900000|  0%| F|  |TS  0|AC  0|TAMS 0x0000000086800000, 0x0000000086800000|
|  67|0x0000000086900000, 0x0000000086900000, 0x0000000086a00000|  0%| F|  |TS  0|AC  0|TAMS 0x0000000086900000, 0x0000000086900000|
|  68|0x0000000086a00000, 0x0000000086a00000, 0x0000000086b00000|  0%| F|  |TS  0|AC  0|TAMS 0x0000000086a00000, 0x0000000086a00000|
|  69|0x0000000086b00000, 0x0000000086b00000, 0x0000000086c00000|  0%| F|  |TS  0|AC  0|TAMS 0x0000000086b00000, 0x0000000086b00000|
|  70|0x0000000086c00000, 0x0000000086c00000, 0x0000000086d00000|  0%| F|  |TS  0|AC  0|TAMS 0x0000000086c00000, 0x0000000086c00000|
|  71|0x0000000086d00000, 0x0000000086d00000, 0x0000000086e00000|  0%| F|  |TS  0|AC  0|TAMS 0x0000000086d00000, 0x0000000086d00000|
|  72|0x0000000086e00000, 0x0000000086e00000, 0x0000000086f00000|  0%| F|  |TS  0|AC  0|TAMS 0x0000000086e00000, 0x0000000086e00000|
|  73|0x0000000086f00000, 0x0000000086f00000, 0x0000000087000000|  0%| F|  |TS  0|AC  0|TAMS 0x0000000086f00000, 0x0000000086f00000|
|  74|0x0000000087000000, 0x0000000087000000, 0x0000000087100000|  0%| F|  |TS  0|AC  0|TAMS 0x0000000087000000, 0x0000000087000000|
|  75|0x0000000087100000, 0x0000000087100000, 0x0000000087200000|  0%| F|  |TS  0|AC  0|TAMS 0x0000000087100000, 0x0000000087100000|
|  76|0x0000000087200000, 0x0000000087200000, 0x0000000087300000|  0%| F|  |TS  0|AC  0|TAMS 0x0000000087200000, 0x0000000087200000|
|  77|0x0000000087300000, 0x0000000087300000, 0x0000000087400000|  0%| F|  |TS  0|AC  0|TAMS 0x0000000087300000, 0x0000000087300000|
|  78|0x0000000087400000, 0x0000000087400000, 0x0000000087500000|  0%| F|  |TS  0|AC  0|TAMS 0x0000000087400000, 0x0000000087400000|
|  79|0x0000000087500000, 0x0000000087500000, 0x0000000087600000|  0%| F|  |TS  0|AC  0|TAMS 0x0000000087500000, 0x0000000087500000|
|  80|0x0000000087600000, 0x0000000087600000, 0x0000000087700000|  0%| F|  |TS  0|AC  0|TAMS 0x0000000087600000, 0x0000000087600000|
|  81|0x0000000087700000, 0x0000000087700000, 0x0000000087800000|  0%| F|  |TS  0|AC  0|TAMS 0x0000000087700000, 0x0000000087700000|
|  82|0x0000000087800000, 0x0000000087800000, 0x0000000087900000|  0%| F|  |TS  0|AC  0|TAMS 0x0000000087800000, 0x0000000087800000|
|  83|0x0000000087900000, 0x0000000087900000, 0x0000000087a00000|  0%| F|  |TS  0|AC  0|TAMS 0x0000000087900000, 0x0000000087900000|
|  84|0x0000000087a00000, 0x0000000087a00000, 0x0000000087b00000|  0%| F|  |TS  0|AC  0|TAMS 0x0000000087a00000, 0x0000000087a00000|
|  85|0x0000000087b00000, 0x0000000087b00000, 0x0000000087c00000|  0%| F|  |TS  0|AC  0|TAMS 0x0000000087b00000, 0x0000000087b00000|
|  86|0x0000000087c00000, 0x0000000087c00000, 0x0000000087d00000|  0%| F|  |TS  0|AC  0|TAMS 0x0000000087c00000, 0x0000000087c00000|
|  87|0x0000000087d00000, 0x0000000087d00000, 0x0000000087e00000|  0%| F|  |TS  0|AC  0|TAMS 0x0000000087d00000, 0x0000000087d00000|
|  88|0x0000000087e00000, 0x0000000087e00000, 0x0000000087f00000|  0%| F|  |TS  0|AC  0|TAMS 0x0000000087e00000, 0x0000000087e00000|
|  89|0x0000000087f00000, 0x0000000087f00000, 0x0000000088000000|  0%| F|  |TS  0|AC  0|TAMS 0x0000000087f00000, 0x0000000087f00000|
|  90|0x0000000088000000, 0x0000000088000000, 0x0000000088100000|  0%| F|  |TS  0|AC  0|TAMS 0x0000000088000000, 0x0000000088000000|
|  91|0x0000000088100000, 0x0000000088100000, 0x0000000088200000|  0%| F|  |TS  0|AC  0|TAMS 0x0000000088100000, 0x0000000088100000|
|  92|0x0000000088200000, 0x0000000088200000, 0x0000000088300000|  0%| F|  |TS  0|AC  0|TAMS 0x0000000088200000, 0x0000000088200000|
|  93|0x0000000088300000, 0x0000000088300000, 0x0000000088400000|  0%| F|  |TS  0|AC  0|TAMS 0x0000000088300000, 0x0000000088300000|
|  94|0x0000000088400000, 0x0000000088400000, 0x0000000088500000|  0%| F|  |TS  0|AC  0|TAMS 0x0000000088400000, 0x0000000088400000|
|  95|0x0000000088500000, 0x0000000088500000, 0x0000000088600000|  0%| F|  |TS  0|AC  0|TAMS 0x0000000088500000, 0x0000000088500000|
|  96|0x0000000088600000, 0x0000000088600000, 0x0000000088700000|  0%| F|  |TS  0|AC  0|TAMS 0x0000000088600000, 0x0000000088600000|
|  97|0x0000000088700000, 0x0000000088700000, 0x0000000088800000|  0%| F|  |TS  0|AC  0|TAMS 0x0000000088700000, 0x0000000088700000|
|  98|0x0000000088800000, 0x0000000088800000, 0x0000000088900000|  0%| F|  |TS  0|AC  0|TAMS 0x0000000088800000, 0x0000000088800000|
|  99|0x0000000088900000, 0x0000000088900000, 0x0000000088a00000|  0%| F|  |TS  0|AC  0|TAMS 0x0000000088900000, 0x0000000088900000|
| 100|0x0000000088a00000, 0x0000000088a00000, 0x0000000088b00000|  0%| F|  |TS  0|AC  0|TAMS 0x0000000088a00000, 0x0000000088a00000|
| 101|0x0000000088b00000, 0x0000000088b00000, 0x0000000088c00000|  0%| F|  |TS  0|AC  0|TAMS 0x0000000088b00000, 0x0000000088b00000|
| 102|0x0000000088c00000, 0x0000000088c00000, 0x0000000088d00000|  0%| F|  |TS  0|AC  0|TAMS 0x0000000088c00000, 0x0000000088c00000|
| 103|0x0000000088d00000, 0x0000000088d00000, 0x0000000088e00000|  0%| F|  |TS  0|AC  0|TAMS 0x0000000088d00000, 0x0000000088d00000|
| 104|0x0000000088e00000, 0x0000000088e00000, 0x0000000088f00000|  0%| F|  |TS  0|AC  0|TAMS 0x0000000088e00000, 0x0000000088e00000|
| 105|0x0000000088f00000, 0x0000000088f00000, 0x0000000089000000|  0%| F|  |TS  0|AC  0|TAMS 0x0000000088f00000, 0x0000000088f00000|
| 106|0x0000000089000000, 0x0000000089000000, 0x0000000089100000|  0%| F|  |TS  0|AC  0|TAMS 0x0000000089000000, 0x0000000089000000|
| 107|0x0000000089100000, 0x0000000089100000, 0x0000000089200000|  0%| F|  |TS  0|AC  0|TAMS 0x0000000089100000, 0x0000000089100000|
| 108|0x0000000089200000, 0x0000000089200000, 0x0000000089300000|  0%| F|  |TS  0|AC  0|TAMS 0x0000000089200000, 0x0000000089200000|
| 109|0x0000000089300000, 0x0000000089300000, 0x0000000089400000|  0%| F|  |TS  0|AC  0|TAMS 0x0000000089300000, 0x0000000089300000|
| 110|0x0000000089400000, 0x0000000089400000, 0x0000000089500000|  0%| F|  |TS  0|AC  0|TAMS 0x0000000089400000, 0x0000000089400000|
| 111|0x0000000089500000, 0x0000000089500000, 0x0000000089600000|  0%| F|  |TS  0|AC  0|TAMS 0x0000000089500000, 0x0000000089500000|
| 112|0x0000000089600000, 0x00000000896f6490, 0x0000000089700000| 96%| E|  |TS  0|AC  0|TAMS 0x0000000089600000, 0x0000000089600000|
| 113|0x0000000089700000, 0x0000000089800000, 0x0000000089800000|100%| E|CS|TS  0|AC  0|TAMS 0x0000000089700000, 0x0000000089700000|
| 114|0x0000000089800000, 0x0000000089900000, 0x0000000089900000|100%| E|CS|TS  0|AC  0|TAMS 0x0000000089800000, 0x0000000089800000|
| 115|0x0000000089900000, 0x0000000089a00000, 0x0000000089a00000|100%| E|CS|TS  0|AC  0|TAMS 0x0000000089900000, 0x0000000089900000|
| 116|0x0000000089a00000, 0x0000000089b00000, 0x0000000089b00000|100%| E|CS|TS  0|AC  0|TAMS 0x0000000089a00000, 0x0000000089a00000|
| 117|0x0000000089b00000, 0x0000000089c00000, 0x0000000089c00000|100%| E|CS|TS  0|AC  0|TAMS 0x0000000089b00000, 0x0000000089b00000|
| 118|0x0000000089c00000, 0x0000000089d00000, 0x0000000089d00000|100%| E|CS|TS  0|AC  0|TAMS 0x0000000089c00000, 0x0000000089c00000|
| 119|0x0000000089d00000, 0x0000000089e00000, 0x0000000089e00000|100%| E|CS|TS  0|AC  0|TAMS 0x0000000089d00000, 0x0000000089d00000|
| 120|0x0000000089e00000, 0x0000000089f00000, 0x0000000089f00000|100%| E|CS|TS  0|AC  0|TAMS 0x0000000089e00000, 0x0000000089e00000|
| 121|0x0000000089f00000, 0x000000008a000000, 0x000000008a000000|100%| E|CS|TS  0|AC  0|TAMS 0x0000000089f00000, 0x0000000089f00000|
| 122|0x000000008a000000, 0x000000008a100000, 0x000000008a100000|100%| E|CS|TS  0|AC  0|TAMS 0x000000008a000000, 0x000000008a000000|
| 123|0x000000008a100000, 0x000000008a200000, 0x000000008a200000|100%| E|CS|TS  0|AC  0|TAMS 0x000000008a100000, 0x000000008a100000|
| 124|0x000000008a200000, 0x000000008a300000, 0x000000008a300000|100%| E|CS|TS  0|AC  0|TAMS 0x000000008a200000, 0x000000008a200000|
| 125|0x000000008a300000, 0x000000008a400000, 0x000000008a400000|100%| E|CS|TS  0|AC  0|TAMS 0x000000008a300000, 0x000000008a300000|

Card table byte_map: [0x000001cb21dc0000,0x000001cb221b0000] byte_map_base: 0x000001cb219ad000

Marking Bits (Prev, Next): (CMBitMap*) 0x000001cb0af96280, (CMBitMap*) 0x000001cb0af962b8
 Prev Bits: [0x000001cb225a0000, 0x000001cb24508000)
 Next Bits: [0x000001cb24510000, 0x000001cb26478000)

Polling page: 0x000001cb08c10000

CodeHeap 'non-profiled nmethods': size=120000Kb used=301Kb max_used=301Kb free=119698Kb
 bounds [0x000001cb1a170000, 0x000001cb1a3e0000, 0x000001cb216a0000]
CodeHeap 'profiled nmethods': size=120000Kb used=1520Kb max_used=1520Kb free=118479Kb
 bounds [0x000001cb12c40000, 0x000001cb12eb0000, 0x000001cb1a170000]
CodeHeap 'non-nmethods': size=5760Kb used=1162Kb max_used=1177Kb free=4597Kb
 bounds [0x000001cb126a0000, 0x000001cb12910000, 0x000001cb12c40000]
 total_blobs=1389 nmethods=830 adapters=304
 compilation: enabled

Compilation events (10 events):
Event: 0.608 Thread 0x000001cb29813000 nmethod 723 0x000001cb12da2e90 code [0x000001cb12da3060, 0x000001cb12da32b8]
Event: 0.608 Thread 0x000001cb29813000  754       3       java.lang.invoke.LambdaForm::parameter (52 bytes)
Event: 0.608 Thread 0x000001cb29813000 nmethod 754 0x000001cb12da3390 code [0x000001cb12da3540, 0x000001cb12da36d8]
Event: 0.608 Thread 0x000001cb29813000  768       3       java.lang.invoke.LambdaForm::parameterType (9 bytes)
Event: 0.608 Thread 0x000001cb29813000 nmethod 768 0x000001cb12da3790 code [0x000001cb12da3940, 0x000001cb12da3af0]
Event: 0.608 Thread 0x000001cb29813000  724       3       java.lang.invoke.MethodTypeForm::parameterSlotCount (9 bytes)
Event: 0.608 Thread 0x000001cb29813000 nmethod 724 0x000001cb12da3c10 code [0x000001cb12da3dc0, 0x000001cb12da3f98]
Event: 0.608 Thread 0x000001cb29813000  725       3       java.lang.invoke.MethodTypeForm::unpack (30 bytes)
Event: 0.608 Thread 0x000001cb29813000 nmethod 725 0x000001cb12da4090 code [0x000001cb12da4240, 0x000001cb12da43b8]
Event: 0.608 Thread 0x000001cb29813000  765       3       java.lang.invoke.MethodType::insertParameterTypes (121 bytes)

GC Heap History (0 events):
No events

Deoptimization events (10 events):
Event: 0.230 Thread 0x000001cb0aef3000 Uncommon trap: reason=class_check action=maybe_recompile pc=0x000001cb1a17bbc0 method=java.util.HashMap.putVal(ILjava/lang/Object;Ljava/lang/Object;ZZ)Ljava/lang/Object; @ 152 c2
Event: 0.230 Thread 0x000001cb0aef3000 Uncommon trap: reason=class_check action=maybe_recompile pc=0x000001cb1a17bbc0 method=java.util.HashMap.putVal(ILjava/lang/Object;Ljava/lang/Object;ZZ)Ljava/lang/Object; @ 152 c2
Event: 0.293 Thread 0x000001cb0aef3000 Uncommon trap: reason=unstable_if action=reinterpret pc=0x000001cb1a181974 method=java.lang.String.isLatin1()Z @ 10 c2
Event: 0.293 Thread 0x000001cb0aef3000 Uncommon trap: reason=unstable_if action=reinterpret pc=0x000001cb1a183e7c method=java.lang.String.isLatin1()Z @ 10 c2
Event: 0.432 Thread 0x000001cb0aef3000 Uncommon trap: reason=unstable_if action=reinterpret pc=0x000001cb1a1a4884 method=java.nio.Buffer.hasRemaining()Z @ 8 c2
Event: 0.448 Thread 0x000001cb0aef3000 Uncommon trap: reason=unstable_if action=reinterpret pc=0x000001cb1a1a3848 method=org.eclipse.jdt.launching.internal.org.objectweb.asm.ClassReader.readUtf(II[C)Ljava/lang/String; @ 41 c2
Event: 0.448 Thread 0x000001cb0aef3000 Uncommon trap: reason=unstable_fused_if action=reinterpret pc=0x000001cb1a197184 method=org.eclipse.jdt.launching.internal.org.objectweb.asm.ByteVector.putUTF8(Ljava/lang/String;)Lorg/eclipse/jdt/launching/internal/org/objectweb/asm/ByteVector; @ 93 c2
Event: 0.535 Thread 0x000001cb0aef3000 Uncommon trap: reason=unstable_if action=reinterpret pc=0x000001cb1a183470 method=java.util.HashMap.putVal(ILjava/lang/Object;Ljava/lang/Object;ZZ)Ljava/lang/Object; @ 162 c2
Event: 0.535 Thread 0x000001cb0aef3000 Uncommon trap: reason=unstable_if action=reinterpret pc=0x000001cb1a17d1b4 method=java.util.HashMap.resize()[Ljava/util/HashMap$Node; @ 205 c2
Event: 0.560 Thread 0x000001cb0aef3000 Uncommon trap: reason=unstable_if action=reinterpret pc=0x000001cb1a195c68 method=java.lang.StringUTF16.compress([CI[BII)I @ 20 c2

Classes redefined (0 events):
No events

Internal exceptions (6 events):
Event: 0.231 Thread 0x000001cb0aef3000 Exception <a 'java/security/PrivilegedActionException'{0x000000008a13bd78}> (0x000000008a13bd78) thrown at [t:/workspace/open/src/hotspot/share/prims/jvm.cpp, line 1345]
Event: 0.231 Thread 0x000001cb0aef3000 Exception <a 'java/security/PrivilegedActionException'{0x000000008a13c048}> (0x000000008a13c048) thrown at [t:/workspace/open/src/hotspot/share/prims/jvm.cpp, line 1345]
Event: 0.415 Thread 0x000001cb0aef3000 Exception <a 'java/lang/NoSuchMethodError'{0x0000000089c66918}: java.lang.invoke.DirectMethodHandle$Holder.invokeInterface(Ljava/lang/Object;Ljava/lang/Object;)Ljava/lang/Object;> (0x0000000089c66918) thrown at [t:/workspace/open/src/hotspot/share/interpr
Event: 0.419 Thread 0x000001cb0aef3000 Exception <a 'java/lang/NoSuchMethodError'{0x0000000089c7e9b0}: method resolution failed> (0x0000000089c7e9b0) thrown at [t:/workspace/open/src/hotspot/share/prims/methodHandles.cpp, line 1226]
Event: 0.605 Thread 0x000001cb0aef3000 Exception <a 'java/lang/NoSuchMethodError'{0x0000000089775538}: java.lang.invoke.DirectMethodHandle$Holder.invokeStatic(Ljava/lang/Object;Ljava/lang/Object;Ljava/lang/Object;Ljava/lang/Object;Ljava/lang/Object;Ljava/lang/Object;Ljava/lang/Object;Ljava/lan
Event: 0.608 Thread 0x000001cb0aef3000 Exception <a 'java/lang/NoSuchMethodError'{0x0000000089786588}: java.lang.invoke.DirectMethodHandle$Holder.invokeStatic(Ljava/lang/Object;Ljava/lang/Object;Ljava/lang/Object;Ljava/lang/Object;Ljava/lang/Object;Ljava/lang/Object;Ljava/lang/Object;Ljava/lan

Events (10 events):
Event: 0.599 loading class java/lang/invoke/BoundMethodHandle$Species_LLLLLLLLL
Event: 0.599 loading class java/lang/invoke/BoundMethodHandle$Species_LLLLLLLLL done
Event: 0.600 loading class java/lang/invoke/BoundMethodHandle$Species_LLLLLLLLLL
Event: 0.600 loading class java/lang/invoke/BoundMethodHandle$Species_LLLLLLLLLL done
Event: 0.602 loading class java/lang/invoke/BoundMethodHandle$Species_LLLLLLLLLLL
Event: 0.602 loading class java/lang/invoke/BoundMethodHandle$Species_LLLLLLLLLLL done
Event: 0.604 loading class java/lang/invoke/BoundMethodHandle$Species_LLLLLLLLLLLL
Event: 0.604 loading class java/lang/invoke/BoundMethodHandle$Species_LLLLLLLLLLLL done
Event: 0.608 loading class java/lang/invoke/BoundMethodHandle$Species_LLLLLLLLLLLLL
Event: 0.608 loading class java/lang/invoke/BoundMethodHandle$Species_LLLLLLLLLLLLL done


Dynamic libraries:
0x00007ff6c6d60000 - 0x00007ff6c6d9e000 	C:\Program Files\Java\jre-10.0.2\bin\javaw.exe
0x00007ff8059e0000 - 0x00007ff805bd0000 	C:\WINDOWS\SYSTEM32\ntdll.dll
0x00007ff8043d0000 - 0x00007ff804482000 	C:\WINDOWS\System32\KERNEL32.DLL
0x00007ff8034f0000 - 0x00007ff803794000 	C:\WINDOWS\System32\KERNELBASE.dll
0x00007ff805330000 - 0x00007ff8053d3000 	C:\WINDOWS\System32\ADVAPI32.dll
0x00007ff804eb0000 - 0x00007ff804f4e000 	C:\WINDOWS\System32\msvcrt.dll
0x00007ff803c40000 - 0x00007ff803cd7000 	C:\WINDOWS\System32\sechost.dll
0x00007ff804490000 - 0x00007ff8045b0000 	C:\WINDOWS\System32\RPCRT4.dll
0x00007ff804b50000 - 0x00007ff804ce4000 	C:\WINDOWS\System32\USER32.dll
0x00007ff802b70000 - 0x00007ff802b91000 	C:\WINDOWS\System32\win32u.dll
0x00007ff803c10000 - 0x00007ff803c36000 	C:\WINDOWS\System32\GDI32.dll
0x00007ff8037a0000 - 0x00007ff803934000 	C:\WINDOWS\System32\gdi32full.dll
0x00007ff8039f0000 - 0x00007ff803a8e000 	C:\WINDOWS\System32\msvcp_win.dll
0x00007ff803340000 - 0x00007ff80343a000 	C:\WINDOWS\System32\ucrtbase.dll
0x00007fffe7840000 - 0x00007fffe7ac4000 	C:\WINDOWS\WinSxS\amd64_microsoft.windows.common-controls_6595b64144ccf1df_6.0.18362.836_none_e6c4b943130f18ed\COMCTL32.dll
0x00007ffffbb30000 - 0x00007ffffbb3a000 	C:\WINDOWS\SYSTEM32\VERSION.dll
0x00007ff804f50000 - 0x00007ff805286000 	C:\WINDOWS\System32\combase.dll
0x00007ff803970000 - 0x00007ff8039f0000 	C:\WINDOWS\System32\bcryptPrimitives.dll
0x00007ff8052f0000 - 0x00007ff80531e000 	C:\WINDOWS\System32\IMM32.DLL
0x00007fffd2720000 - 0x00007fffd280f000 	C:\Program Files\Java\jre-10.0.2\bin\msvcr120.dll
0x00007fffe0950000 - 0x00007fffe09f6000 	C:\Program Files\Java\jre-10.0.2\bin\msvcp120.dll
0x0000000052a60000 - 0x00000000534d0000 	C:\Program Files\Java\jre-10.0.2\bin\server\jvm.dll
0x00007ff8058f0000 - 0x00007ff8058f8000 	C:\WINDOWS\System32\PSAPI.DLL
0x00007ff8008e0000 - 0x00007ff800904000 	C:\WINDOWS\SYSTEM32\WINMM.dll
0x00007ff800ac0000 - 0x00007ff800ac9000 	C:\WINDOWS\SYSTEM32\WSOCK32.dll
0x00007ff804ae0000 - 0x00007ff804b4f000 	C:\WINDOWS\System32\WS2_32.dll
0x00007ff800460000 - 0x00007ff80048d000 	C:\WINDOWS\SYSTEM32\winmmbase.dll
0x00007ff802b20000 - 0x00007ff802b6a000 	C:\WINDOWS\System32\cfgmgr32.dll
0x00007ffffc830000 - 0x00007ffffc83f000 	C:\Program Files\Java\jre-10.0.2\bin\verify.dll
0x00007fffe98e0000 - 0x00007fffe9ad4000 	C:\WINDOWS\SYSTEM32\DBGHELP.DLL
0x00007fffea420000 - 0x00007fffea44a000 	C:\WINDOWS\SYSTEM32\dbgcore.DLL
0x00007ffffb760000 - 0x00007ffffb787000 	C:\Program Files\Java\jre-10.0.2\bin\java.dll
0x00007fffd2190000 - 0x00007fffd21c6000 	C:\Program Files\Java\jre-10.0.2\bin\jdwp.dll
0x00007fffdda40000 - 0x00007fffdda6a000 	C:\Program Files\Java\jre-10.0.2\bin\instrument.dll
0x00007ffffb830000 - 0x00007ffffb846000 	C:\Program Files\Java\jre-10.0.2\bin\zip.dll
0x00007ffffc820000 - 0x00007ffffc82a000 	C:\Program Files\Java\jre-10.0.2\bin\jimage.dll
0x00007ff803ce0000 - 0x00007ff8043c4000 	C:\WINDOWS\System32\SHELL32.dll
0x00007ff8055a0000 - 0x00007ff805649000 	C:\WINDOWS\System32\shcore.dll
0x00007ff802bc0000 - 0x00007ff80333e000 	C:\WINDOWS\System32\windows.storage.dll
0x00007ff8028d0000 - 0x00007ff8028f3000 	C:\WINDOWS\System32\profapi.dll
0x00007ff802900000 - 0x00007ff80294a000 	C:\WINDOWS\System32\powrprof.dll
0x00007ff8028a0000 - 0x00007ff8028b0000 	C:\WINDOWS\System32\UMPDC.dll
0x00007ff804a20000 - 0x00007ff804a72000 	C:\WINDOWS\System32\shlwapi.dll
0x00007ff8028b0000 - 0x00007ff8028c1000 	C:\WINDOWS\System32\kernel.appcore.dll
0x00007ff802ba0000 - 0x00007ff802bb7000 	C:\WINDOWS\System32\cryptsp.dll
0x00007ffffb6b0000 - 0x00007ffffb6ba000 	C:\Program Files\Java\jre-10.0.2\bin\dt_socket.dll
0x00007ff802110000 - 0x00007ff802177000 	C:\WINDOWS\System32\mswsock.dll
0x00007ff801e60000 - 0x00007ff801f2b000 	C:\WINDOWS\SYSTEM32\DNSAPI.dll
0x00007ff8053e0000 - 0x00007ff8053e8000 	C:\WINDOWS\System32\NSI.dll
0x00007ff801e20000 - 0x00007ff801e5a000 	C:\WINDOWS\SYSTEM32\IPHLPAPI.DLL
0x00007ffff9b80000 - 0x00007ffff9bf7000 	C:\WINDOWS\System32\fwpuclnt.dll
0x00007ff803940000 - 0x00007ff803966000 	C:\WINDOWS\System32\bcrypt.dll
0x00007ffff8140000 - 0x00007ffff814a000 	C:\Windows\System32\rasadhlp.dll
0x00007ffff53f0000 - 0x00007ffff540a000 	C:\Program Files\Java\jre-10.0.2\bin\net.dll
0x00007ffff5c30000 - 0x00007ffff5d20000 	C:\WINDOWS\SYSTEM32\WINHTTP.dll
0x00007ffff5340000 - 0x00007ffff5351000 	C:\Program Files\Java\jre-10.0.2\bin\nio.dll
0x00007fffdeda0000 - 0x00007fffdedb6000 	C:\WINDOWS\system32\napinsp.dll
0x00007fffddbf0000 - 0x00007fffddc0a000 	C:\WINDOWS\system32\pnrpnsp.dll
0x00007ffff0f80000 - 0x00007ffff0f8e000 	C:\WINDOWS\System32\winrnr.dll
0x00007ff800000000 - 0x00007ff80001c000 	C:\WINDOWS\system32\NLAapi.dll
0x00007ffffe470000 - 0x00007ffffe485000 	C:\WINDOWS\system32\wshbth.dll

dbghelp: loaded successfully - version: 4.0.5 - missing functions: none
symbol engine: initialized successfully - sym options: 0x614 - pdb path: .;C:\Program Files\Java\jre-10.0.2\bin;C:\WINDOWS\SYSTEM32;C:\WINDOWS\WinSxS\amd64_microsoft.windows.common-controls_6595b64144ccf1df_6.0.18362.836_none_e6c4b943130f18ed;C:\Program Files\Java\jre-10.0.2\bin\server

VM Arguments:
jvm_args: -agentlib:jdwp=transport=dt_socket,suspend=y,address=localhost:58092 -javaagent:C:\eclipse\configuration\org.eclipse.osgi\229\0\.cp\lib\javaagent-shaded.jar -Dfile.encoding=Cp1252 
java_command: main.Main
java_class_path (initial): C:\Users\Dusan\eclipse-ws\ProjekatBaze\bin;D:\Downloads\jtds-1.0.3.jar
Launcher Type: SUN_STANDARD

Logging:
Log output configuration:
#0: stdout all=warning uptime,level,tags
#1: stderr all=off uptime,level,tags

Environment Variables:
PATH=C:\Program Files (x86)\Common Files\Oracle\Java\javapath;C:\Windows\system32;C:\Windows;C:\Windows\System32\Wbem;C:\Windows\System32\WindowsPowerShell\v1.0\;C:\Windows\System32\OpenSSH\;C:\Program Files (x86)\NVIDIA Corporation\PhysX\Common;C:\Program Files\NVIDIA Corporation\NVIDIA NvDLISR;C:\Program Files\Git\cmd;C:\Program Files\PuTTY\;C:\Program Files\TortoiseGit\bin;C:\WINDOWS\system32;C:\WINDOWS;C:\WINDOWS\System32\Wbem;C:\WINDOWS\System32\WindowsPowerShell\v1.0\;C:\WINDOWS\System32\OpenSSH\;C:\Program Files (x86)\Microsoft SQL Server\110\Tools\Binn\ManagementStudio\;C:\Program Files (x86)\Microsoft SQL Server\110\Tools\Binn\;C:\Program Files (x86)\Microsoft SQL Server\110\DTS\Binn\;C:\Users\Dusan\AppData\Local\Microsoft\WindowsApps;%USERPROFILE%\AppData\Local\Microsoft\WindowsApps;
USERNAME=Dusan
OS=Windows_NT
PROCESSOR_IDENTIFIER=Intel64 Family 6 Model 158 Stepping 10, GenuineIntel



---------------  S Y S T E M  ---------------

OS: Windows 10 , 64 bit Build 18362 (10.0.18362.778)

CPU:total 8 (initial active 8) (4 cores per cpu, 2 threads per core) family 6 model 158 stepping 10, cmov, cx8, fxsr, mmx, sse, sse2, sse3, ssse3, sse4.1, sse4.2, popcnt, avx, avx2, aes, clmul, erms, 3dnowpref, lzcnt, ht, tsc, tscinvbit, bmi1, bmi2, adx, fma

Memory: 4k page, physical 8227124k(1981780k free), swap 15395124k(3128k free)

vm_info: Java HotSpot(TM) 64-Bit Server VM (10.0.2+13) for windows-amd64 JRE (10.0.2+13), built on Jun 28 2018 01:57:56 by "mach5one" with MS VC++ 12.0 (VS2013)

END.
